<?xml version="1.0" encoding="UTF-8"?>
<TestRun id="56aaf55e-9007-4284-a70a-e6d407edfc0e" name="Dani@DANIPC 2014-11-12 11:26:15" runUser="DaniPC\Dani" xmlns="http://microsoft.com/schemas/VisualStudio/TeamTest/2010">
  <TestSettings name="env" id="3dfa04b9-594f-4367-84d2-a225df800186">
    <Description>These are default test settings for a local test run.</Description>
    <Deployment runDeploymentRoot="Dani_DANIPC 2014-11-12 11_26_15">
      <DeploymentItem filename="PerformanceTesting\CandidateData\" />
    </Deployment>
    <Execution hostProcessPlatform="MSIL">
      <TestTypeSpecific>
        <UnitTestRunConfig testTypeId="13cdc9d9-ddb5-4fa4-a97d-d965ccfc6d4b">
          <AssemblyResolution>
            <TestDirectory useLoadContext="true" />
          </AssemblyResolution>
        </UnitTestRunConfig>
        <WebTestRunConfiguration testTypeId="4e7599fa-5ecb-43e9-a887-cd63cf72d207" simulateThinkTimes="true" runUntilDataExhausted="true">
          <Browser name="Internet Explorer 9.0" MaxConnections="6">
            <Headers>
              <Header name="User-Agent" value="Mozilla/5.0 (compatible; MSIE 9.0; Windows NT 6.1; Trident/5.0)" />
              <Header name="Accept" value="*/*" />
              <Header name="Accept-Language" value="{{$IEAcceptLanguage}}" />
              <Header name="Accept-Encoding" value="GZIP" />
            </Headers>
          </Browser>
        </WebTestRunConfiguration>
        <WebAiiTestRunConfig testTypeId="c4241296-3c6e-46b1-bf92-e0bd3e0eb017" Settings="&lt;?xml version=&quot;1.0&quot; encoding=&quot;utf-16&quot;?&gt;&#xD;&#xA;&lt;Settings xmlns:xsi=&quot;http://www.w3.org/2001/XMLSchema-instance&quot; xmlns:xsd=&quot;http://www.w3.org/2001/XMLSchema&quot;&gt;&#xD;&#xA;  &lt;Web&gt;&#xD;&#xA;    &lt;WebKitExecutionDelay&gt;0&lt;/WebKitExecutionDelay&gt;&#xD;&#xA;    &lt;ExecutingBrowsers /&gt;&#xD;&#xA;    &lt;UseMultiBrowserExecution&gt;false&lt;/UseMultiBrowserExecution&gt;&#xD;&#xA;    &lt;RecycleBrowser&gt;false&lt;/RecycleBrowser&gt;&#xD;&#xA;    &lt;AspNetDevServerPort&gt;-1&lt;/AspNetDevServerPort&gt;&#xD;&#xA;    &lt;LocalWebServer&gt;None&lt;/LocalWebServer&gt;&#xD;&#xA;    &lt;EnableUILessRequestViewing&gt;false&lt;/EnableUILessRequestViewing&gt;&#xD;&#xA;    &lt;WebAppPhysicalPath /&gt;&#xD;&#xA;    &lt;DefaultBrowser&gt;InternetExplorer&lt;/DefaultBrowser&gt;&#xD;&#xA;    &lt;Browser&gt;InternetExplorer&lt;/Browser&gt;&#xD;&#xA;    &lt;EnableScriptLogging&gt;false&lt;/EnableScriptLogging&gt;&#xD;&#xA;    &lt;BaseUrl /&gt;&#xD;&#xA;    &lt;KillBrowserProcessOnClose&gt;false&lt;/KillBrowserProcessOnClose&gt;&#xD;&#xA;    &lt;UseHttpProxy&gt;false&lt;/UseHttpProxy&gt;&#xD;&#xA;    &lt;EnableSilverlight&gt;false&lt;/EnableSilverlight&gt;&#xD;&#xA;    &lt;VerboseHttpProxy&gt;false&lt;/VerboseHttpProxy&gt;&#xD;&#xA;    &lt;SilverlightConnectTimeout&gt;60000&lt;/SilverlightConnectTimeout&gt;&#xD;&#xA;  &lt;/Web&gt;&#xD;&#xA;  &lt;Wpf&gt;&#xD;&#xA;    &lt;DefaultApplicationPath /&gt;&#xD;&#xA;  &lt;/Wpf&gt;&#xD;&#xA;  &lt;CreateLogFile&gt;true&lt;/CreateLogFile&gt;&#xD;&#xA;  &lt;LogLocation&gt;C:\WebAiiLog\&lt;/LogLocation&gt;&#xD;&#xA;  &lt;QueryEventLogErrorsOnExit&gt;false&lt;/QueryEventLogErrorsOnExit&gt;&#xD;&#xA;  &lt;LogAnnotations&gt;false&lt;/LogAnnotations&gt;&#xD;&#xA;  &lt;SimulatedMouseMoveSpeed&gt;0.3&lt;/SimulatedMouseMoveSpeed&gt;&#xD;&#xA;  &lt;WaitCheckInterval&gt;500&lt;/WaitCheckInterval&gt;&#xD;&#xA;  &lt;ElementWaitTimeout&gt;30000&lt;/ElementWaitTimeout&gt;&#xD;&#xA;  &lt;ExecuteCommandTimeout&gt;20000&lt;/ExecuteCommandTimeout&gt;&#xD;&#xA;  &lt;ExecutionDelay&gt;0&lt;/ExecutionDelay&gt;&#xD;&#xA;  &lt;UnexpectedDialogAction&gt;HandleAndFailTest&lt;/UnexpectedDialogAction&gt;&#xD;&#xA;  &lt;AnnotateExecution&gt;false&lt;/AnnotateExecution&gt;&#xD;&#xA;  &lt;AnnotationMode&gt;All&lt;/AnnotationMode&gt;&#xD;&#xA;  &lt;XMultiMgr&gt;true&lt;/XMultiMgr&gt;&#xD;&#xA;  &lt;ClientReadyTimeout&gt;60000&lt;/ClientReadyTimeout&gt;&#xD;&#xA;&lt;/Settings&gt;" xmlns="http://artoftest.com/schemas/WebAiiDesignCanvas/1.0.0" />
      </TestTypeSpecific>
      <AgentRule name="LocalMachineDefaultRole">
      </AgentRule>
    </Execution>
    <Properties />
  </TestSettings>
  <Times creation="2014-11-12T11:26:15.3386630+02:00" queuing="2014-11-12T11:26:15.5618097+02:00" start="2014-11-12T11:26:15.6928966+02:00" finish="2014-11-12T11:26:40.6135481+02:00" />
  <ResultSummary outcome="Failed">
    <Counters total="1" executed="1" error="0" failed="1" timeout="0" aborted="0" inconclusive="0" passedButRunAborted="0" notRunnable="0" notExecuted="0" disconnected="0" warning="0" passed="0" completed="0" inProgress="0" pending="0" />
  </ResultSummary>
  <TestDefinitions>
    <WebTest name="WebTest1" storage="e:\telerik\qa\tfserver source\teleriksystemperformancetesting\performancetesting\user\applysofacademy\webtest1.webtest" id="e12ce241-b795-46be-b88e-117e06336978" persistedWebTest="77u/PD94bWwgdmVyc2lvbj0iMS4wIiBlbmNvZGluZz0iVVRGLTgiIHN0YW5kYWxvbmU9InllcyI/Pg0KPFdlYlRlc3QgTmFtZT0iV2ViVGVzdDEiIElkPSJlMTJjZTI0MS1iNzk1LTQ2YmUtYjg4ZS0xMTdlMDYzMzY5NzgiIE93bmVyPSIiIFByaW9yaXR5PSIyMTQ3NDgzNjQ3IiBFbmFibGVkPSJUcnVlIiBDc3NQcm9qZWN0U3RydWN0dXJlPSIiIENzc0l0ZXJhdGlvbj0iIiBUaW1lb3V0PSIwIiBXb3JrSXRlbUlkcz0iIiB4bWxucz0iaHR0cDovL21pY3Jvc29mdC5jb20vc2NoZW1hcy9WaXN1YWxTdHVkaW8vVGVhbVRlc3QvMjAxMCIgRGVzY3JpcHRpb249IiIgQ3JlZGVudGlhbFVzZXJOYW1lPSIiIENyZWRlbnRpYWxQYXNzd29yZD0iIiBQcmVBdXRoZW50aWNhdGU9IlRydWUiIFByb3h5PSJkZWZhdWx0IiBTdG9wT25FcnJvcj0iRmFsc2UiIFJlY29yZGVkUmVzdWx0RmlsZT0iV2ViVGVzdDEuYTlkMWIxNjYtMWVjMi00YzljLTk2YzEtYWNkZGYxNjIwYmZhLnJlYy53ZWJ0ZXN0cmVzdWx0IiBSZXN1bHRzTG9jYWxlPSIiPg0KICA8SXRlbXM+DQogICAgPFJlcXVlc3QgTWV0aG9kPSJHRVQiIEd1aWQ9ImYyYzMzMzFhLTg3OTQtNDk2Yi1hMTlkLWZhY2UwZTExZWMwMiIgVmVyc2lvbj0iMS4xIiBVcmw9Imh0dHA6Ly9hcGkuYmluZy5jb20vcXNtbC5hc3B4IiBUaGlua1RpbWU9IjEiIFRpbWVvdXQ9IjMwMCIgUGFyc2VEZXBlbmRlbnRSZXF1ZXN0cz0iVHJ1ZSIgRm9sbG93UmVkaXJlY3RzPSJUcnVlIiBSZWNvcmRSZXN1bHQ9IlRydWUiIENhY2hlPSJGYWxzZSIgUmVzcG9uc2VUaW1lR29hbD0iMCIgRW5jb2Rpbmc9InV0Zi04IiBFeHBlY3RlZEh0dHBTdGF0dXNDb2RlPSIwIiBFeHBlY3RlZFJlc3BvbnNlVXJsPSIiIFJlcG9ydGluZ05hbWU9IiIgSWdub3JlSHR0cFN0YXR1c0NvZGU9IkZhbHNlIj4NCiAgICAgIDxRdWVyeVN0cmluZ1BhcmFtZXRlcnM+DQogICAgICAgIDxRdWVyeVN0cmluZ1BhcmFtZXRlciBOYW1lPSJxdWVyeSIgVmFsdWU9InRlc3QiIFJlY29yZGVkVmFsdWU9InRlc3QiIENvcnJlbGF0aW9uQmluZGluZz0iIiBVcmxFbmNvZGU9IkZhbHNlIiBVc2VUb0dyb3VwUmVzdWx0cz0iRmFsc2UiIC8+DQogICAgICAgIDxRdWVyeVN0cmluZ1BhcmFtZXRlciBOYW1lPSJtYXh3aWR0aCIgVmFsdWU9IjMyNzY1IiBSZWNvcmRlZFZhbHVlPSIzMjc2NSIgQ29ycmVsYXRpb25CaW5kaW5nPSIiIFVybEVuY29kZT0iRmFsc2UiIFVzZVRvR3JvdXBSZXN1bHRzPSJGYWxzZSIgLz4NCiAgICAgICAgPFF1ZXJ5U3RyaW5nUGFyYW1ldGVyIE5hbWU9InJvd2hlaWdodCIgVmFsdWU9IjIwIiBSZWNvcmRlZFZhbHVlPSIyMCIgQ29ycmVsYXRpb25CaW5kaW5nPSIiIFVybEVuY29kZT0iRmFsc2UiIFVzZVRvR3JvdXBSZXN1bHRzPSJGYWxzZSIgLz4NCiAgICAgICAgPFF1ZXJ5U3RyaW5nUGFyYW1ldGVyIE5hbWU9InNlY3Rpb25IZWlnaHQiIFZhbHVlPSIyMDAiIFJlY29yZGVkVmFsdWU9IjIwMCIgQ29ycmVsYXRpb25CaW5kaW5nPSIiIFVybEVuY29kZT0iRmFsc2UiIFVzZVRvR3JvdXBSZXN1bHRzPSJGYWxzZSIgLz4NCiAgICAgICAgPFF1ZXJ5U3RyaW5nUGFyYW1ldGVyIE5hbWU9IkZPUk0iIFZhbHVlPSJJRTExU1MiIFJlY29yZGVkVmFsdWU9IklFMTFTUyIgQ29ycmVsYXRpb25CaW5kaW5nPSIiIFVybEVuY29kZT0iRmFsc2UiIFVzZVRvR3JvdXBSZXN1bHRzPSJGYWxzZSIgLz4NCiAgICAgICAgPFF1ZXJ5U3RyaW5nUGFyYW1ldGVyIE5hbWU9Im1hcmtldCIgVmFsdWU9ImVuLVVTIiBSZWNvcmRlZFZhbHVlPSJlbi1VUyIgQ29ycmVsYXRpb25CaW5kaW5nPSIiIFVybEVuY29kZT0iRmFsc2UiIFVzZVRvR3JvdXBSZXN1bHRzPSJGYWxzZSIgLz4NCiAgICAgIDwvUXVlcnlTdHJpbmdQYXJhbWV0ZXJzPg0KICAgIDwvUmVxdWVzdD4NCiAgICA8UmVxdWVzdCBNZXRob2Q9IkdFVCIgR3VpZD0iZDQzODEzYjYtZGEyMS00OWYxLTlhODUtOWMwYWViZTcyMjgyIiBWZXJzaW9uPSIxLjEiIFVybD0iaHR0cDovL3Rlc3QudGVsZXJpa2FjYWRlbXkuY29tLyIgVGhpbmtUaW1lPSIxIiBUaW1lb3V0PSIzMDAiIFBhcnNlRGVwZW5kZW50UmVxdWVzdHM9IlRydWUiIEZvbGxvd1JlZGlyZWN0cz0iVHJ1ZSIgUmVjb3JkUmVzdWx0PSJUcnVlIiBDYWNoZT0iRmFsc2UiIFJlc3BvbnNlVGltZUdvYWw9IjAiIEVuY29kaW5nPSJ1dGYtOCIgRXhwZWN0ZWRIdHRwU3RhdHVzQ29kZT0iMCIgRXhwZWN0ZWRSZXNwb25zZVVybD0iIiBSZXBvcnRpbmdOYW1lPSIiIElnbm9yZUh0dHBTdGF0dXNDb2RlPSJGYWxzZSIgLz4NCiAgICA8UmVxdWVzdCBNZXRob2Q9IkdFVCIgR3VpZD0iNWUxOTNhZjctMjk3OS00NDRjLWE4MjgtM2E5YTA2MWRmOGQ1IiBWZXJzaW9uPSIxLjEiIFVybD0iaHR0cDovL3N0YXRpYy5hay5mYWNlYm9vay5jb20vY29ubmVjdC94ZF9hcmJpdGVyL1FqSzJoV3Y2dWFrLmpzIiBUaGlua1RpbWU9IjAiIFRpbWVvdXQ9IjMwMCIgUGFyc2VEZXBlbmRlbnRSZXF1ZXN0cz0iVHJ1ZSIgRm9sbG93UmVkaXJlY3RzPSJUcnVlIiBSZWNvcmRSZXN1bHQ9IlRydWUiIENhY2hlPSJGYWxzZSIgUmVzcG9uc2VUaW1lR29hbD0iMCIgRW5jb2Rpbmc9InV0Zi04IiBFeHBlY3RlZEh0dHBTdGF0dXNDb2RlPSIwIiBFeHBlY3RlZFJlc3BvbnNlVXJsPSJodHRwOi8vc3RhdGljLmFrLmZhY2Vib29rLmNvbS9jb25uZWN0L3hkX2FyYml0ZXIvUWpLMmhXdjZ1YWsuanM/dmVyc2lvbj00MSNjaGFubmVsPWYzYTA1ZDc5MTgzYjMmYW1wO29yaWdpbj1odHRwJTNBJTJGJTJGdGVzdC50ZWxlcmlrYWNhZGVteS5jb20iIFJlcG9ydGluZ05hbWU9IiIgSWdub3JlSHR0cFN0YXR1c0NvZGU9IkZhbHNlIj4NCiAgICAgIDxRdWVyeVN0cmluZ1BhcmFtZXRlcnM+DQogICAgICAgIDxRdWVyeVN0cmluZ1BhcmFtZXRlciBOYW1lPSJ2ZXJzaW9uIiBWYWx1ZT0iNDEiIFJlY29yZGVkVmFsdWU9IjQxIiBDb3JyZWxhdGlvbkJpbmRpbmc9IiIgVXJsRW5jb2RlPSJGYWxzZSIgVXNlVG9Hcm91cFJlc3VsdHM9IkZhbHNlIiAvPg0KICAgICAgICA8UXVlcnlTdHJpbmdQYXJhbWV0ZXIgTmFtZT0ib3JpZ2luIiBWYWx1ZT0iaHR0cCUzQSUyRiUyRnRlc3QudGVsZXJpa2FjYWRlbXkuY29tIiBSZWNvcmRlZFZhbHVlPSJodHRwJTNBJTJGJTJGdGVzdC50ZWxlcmlrYWNhZGVteS5jb20iIENvcnJlbGF0aW9uQmluZGluZz0iIiBVcmxFbmNvZGU9IkZhbHNlIiBVc2VUb0dyb3VwUmVzdWx0cz0iRmFsc2UiIC8+DQogICAgICA8L1F1ZXJ5U3RyaW5nUGFyYW1ldGVycz4NCiAgICA8L1JlcXVlc3Q+DQogICAgPFJlcXVlc3QgTWV0aG9kPSJHRVQiIEd1aWQ9ImY0Y2EzYzY3LWY1NDQtNGI1Ni1iOTYxLWUxNjI3NDgzYzNjOSIgVmVyc2lvbj0iMS4xIiBVcmw9Imh0dHBzOi8vcy1zdGF0aWMuYWsuZmFjZWJvb2suY29tL2Nvbm5lY3QveGRfYXJiaXRlci9RaksyaFd2NnVhay5qcyIgVGhpbmtUaW1lPSIwIiBUaW1lb3V0PSIzMDAiIFBhcnNlRGVwZW5kZW50UmVxdWVzdHM9IlRydWUiIEZvbGxvd1JlZGlyZWN0cz0iVHJ1ZSIgUmVjb3JkUmVzdWx0PSJUcnVlIiBDYWNoZT0iRmFsc2UiIFJlc3BvbnNlVGltZUdvYWw9IjAiIEVuY29kaW5nPSJ1dGYtOCIgRXhwZWN0ZWRIdHRwU3RhdHVzQ29kZT0iMCIgRXhwZWN0ZWRSZXNwb25zZVVybD0iaHR0cHM6Ly9zLXN0YXRpYy5hay5mYWNlYm9vay5jb20vY29ubmVjdC94ZF9hcmJpdGVyL1FqSzJoV3Y2dWFrLmpzP3ZlcnNpb249NDEjY2hhbm5lbD1mM2EwNWQ3OTE4M2IzJmFtcDtvcmlnaW49aHR0cCUzQSUyRiUyRnRlc3QudGVsZXJpa2FjYWRlbXkuY29tIiBSZXBvcnRpbmdOYW1lPSIiIElnbm9yZUh0dHBTdGF0dXNDb2RlPSJGYWxzZSI+DQogICAgICA8UXVlcnlTdHJpbmdQYXJhbWV0ZXJzPg0KICAgICAgICA8UXVlcnlTdHJpbmdQYXJhbWV0ZXIgTmFtZT0idmVyc2lvbiIgVmFsdWU9IjQxIiBSZWNvcmRlZFZhbHVlPSI0MSIgQ29ycmVsYXRpb25CaW5kaW5nPSIiIFVybEVuY29kZT0iRmFsc2UiIFVzZVRvR3JvdXBSZXN1bHRzPSJGYWxzZSIgLz4NCiAgICAgICAgPFF1ZXJ5U3RyaW5nUGFyYW1ldGVyIE5hbWU9Im9yaWdpbiIgVmFsdWU9Imh0dHAlM0ElMkYlMkZ0ZXN0LnRlbGVyaWthY2FkZW15LmNvbSIgUmVjb3JkZWRWYWx1ZT0iaHR0cCUzQSUyRiUyRnRlc3QudGVsZXJpa2FjYWRlbXkuY29tIiBDb3JyZWxhdGlvbkJpbmRpbmc9IiIgVXJsRW5jb2RlPSJGYWxzZSIgVXNlVG9Hcm91cFJlc3VsdHM9IkZhbHNlIiAvPg0KICAgICAgPC9RdWVyeVN0cmluZ1BhcmFtZXRlcnM+DQogICAgPC9SZXF1ZXN0Pg0KICAgIDxSZXF1ZXN0IE1ldGhvZD0iR0VUIiBHdWlkPSI3NTZmYjFhZS1kMTIxLTQ3ODktOWM0My02NjBiY2NlNDU0YWIiIFZlcnNpb249IjEuMSIgVXJsPSJodHRwczovL3d3dy5mYWNlYm9vay5jb20vY29ubmVjdC9waW5nIiBUaGlua1RpbWU9IjAiIFRpbWVvdXQ9IjMwMCIgUGFyc2VEZXBlbmRlbnRSZXF1ZXN0cz0iVHJ1ZSIgRm9sbG93UmVkaXJlY3RzPSJUcnVlIiBSZWNvcmRSZXN1bHQ9IlRydWUiIENhY2hlPSJGYWxzZSIgUmVzcG9uc2VUaW1lR29hbD0iMCIgRW5jb2Rpbmc9InV0Zi04IiBFeHBlY3RlZEh0dHBTdGF0dXNDb2RlPSIwIiBFeHBlY3RlZFJlc3BvbnNlVXJsPSIiIFJlcG9ydGluZ05hbWU9IiIgSWdub3JlSHR0cFN0YXR1c0NvZGU9IkZhbHNlIj4NCiAgICAgIDxIZWFkZXJzPg0KICAgICAgICA8SGVhZGVyIE5hbWU9IlJlZmVyZXIiIFZhbHVlPSJodHRwOi8vdGVzdC50ZWxlcmlrYWNhZGVteS5jb20vIiAvPg0KICAgICAgPC9IZWFkZXJzPg0KICAgICAgPFF1ZXJ5U3RyaW5nUGFyYW1ldGVycz4NCiAgICAgICAgPFF1ZXJ5U3RyaW5nUGFyYW1ldGVyIE5hbWU9ImNsaWVudF9pZCIgVmFsdWU9IjI0MjYyNDY5OTE3NDMzMyIgUmVjb3JkZWRWYWx1ZT0iMjQyNjI0Njk5MTc0MzMzIiBDb3JyZWxhdGlvbkJpbmRpbmc9IiIgVXJsRW5jb2RlPSJGYWxzZSIgVXNlVG9Hcm91cFJlc3VsdHM9IkZhbHNlIiAvPg0KICAgICAgICA8UXVlcnlTdHJpbmdQYXJhbWV0ZXIgTmFtZT0iZG9tYWluIiBWYWx1ZT0idGVzdC50ZWxlcmlrYWNhZGVteS5jb20iIFJlY29yZGVkVmFsdWU9InRlc3QudGVsZXJpa2FjYWRlbXkuY29tIiBDb3JyZWxhdGlvbkJpbmRpbmc9IiIgVXJsRW5jb2RlPSJGYWxzZSIgVXNlVG9Hcm91cFJlc3VsdHM9IkZhbHNlIiAvPg0KICAgICAgICA8UXVlcnlTdHJpbmdQYXJhbWV0ZXIgTmFtZT0ib3JpZ2luIiBWYWx1ZT0iMSIgUmVjb3JkZWRWYWx1ZT0iMSIgQ29ycmVsYXRpb25CaW5kaW5nPSIiIFVybEVuY29kZT0iRmFsc2UiIFVzZVRvR3JvdXBSZXN1bHRzPSJGYWxzZSIgLz4NCiAgICAgICAgPFF1ZXJ5U3RyaW5nUGFyYW1ldGVyIE5hbWU9InJlZGlyZWN0X3VyaSIgVmFsdWU9Imh0dHAlM0ElMkYlMkZzdGF0aWMuYWsuZmFjZWJvb2suY29tJTJGY29ubmVjdCUyRnhkX2FyYml0ZXIlMkZRaksyaFd2NnVhay5qcyUzRnZlcnNpb24lM0Q0MSUyM2NiJTNEZjI5MWEzOWU5NzY5MjUlMjZkb21haW4lM0R0ZXN0LnRlbGVyaWthY2FkZW15LmNvbSUyNm9yaWdpbiUzRGh0dHAlMjUzQSUyNTJGJTI1MkZ0ZXN0LnRlbGVyaWthY2FkZW15LmNvbSUyNTJGZjNhMDVkNzkxODNiMyUyNnJlbGF0aW9uJTNEcGFyZW50IiBSZWNvcmRlZFZhbHVlPSJodHRwJTNBJTJGJTJGc3RhdGljLmFrLmZhY2Vib29rLmNvbSUyRmNvbm5lY3QlMkZ4ZF9hcmJpdGVyJTJGUWpLMmhXdjZ1YWsuanMlM0Z2ZXJzaW9uJTNENDElMjNjYiUzRGYyOTFhMzllOTc2OTI1JTI2ZG9tYWluJTNEdGVzdC50ZWxlcmlrYWNhZGVteS5jb20lMjZvcmlnaW4lM0RodHRwJTI1M0ElMjUyRiUyNTJGdGVzdC50ZWxlcmlrYWNhZGVteS5jb20lMjUyRmYzYTA1ZDc5MTgzYjMlMjZyZWxhdGlvbiUzRHBhcmVudCIgQ29ycmVsYXRpb25CaW5kaW5nPSIiIFVybEVuY29kZT0iRmFsc2UiIFVzZVRvR3JvdXBSZXN1bHRzPSJGYWxzZSIgLz4NCiAgICAgICAgPFF1ZXJ5U3RyaW5nUGFyYW1ldGVyIE5hbWU9InJlc3BvbnNlX3R5cGUiIFZhbHVlPSJ0b2tlbiUyQ3NpZ25lZF9yZXF1ZXN0JTJDY29kZSIgUmVjb3JkZWRWYWx1ZT0idG9rZW4lMkNzaWduZWRfcmVxdWVzdCUyQ2NvZGUiIENvcnJlbGF0aW9uQmluZGluZz0iIiBVcmxFbmNvZGU9IkZhbHNlIiBVc2VUb0dyb3VwUmVzdWx0cz0iRmFsc2UiIC8+DQogICAgICAgIDxRdWVyeVN0cmluZ1BhcmFtZXRlciBOYW1lPSJzZGsiIFZhbHVlPSJqb2V5IiBSZWNvcmRlZFZhbHVlPSJqb2V5IiBDb3JyZWxhdGlvbkJpbmRpbmc9IiIgVXJsRW5jb2RlPSJGYWxzZSIgVXNlVG9Hcm91cFJlc3VsdHM9IkZhbHNlIiAvPg0KICAgICAgPC9RdWVyeVN0cmluZ1BhcmFtZXRlcnM+DQogICAgPC9SZXF1ZXN0Pg0KICAgIDxSZXF1ZXN0IE1ldGhvZD0iR0VUIiBHdWlkPSIxYzJiMmFkZS1iNzRiLTQ2NGItODcyNS02OWJmMDFjNmY2M2QiIFZlcnNpb249IjEuMSIgVXJsPSJodHRwOi8vd3d3LmZhY2Vib29rLmNvbS9wbHVnaW5zL2xpa2VfYm94LnBocCIgVGhpbmtUaW1lPSIwIiBUaW1lb3V0PSIzMDAiIFBhcnNlRGVwZW5kZW50UmVxdWVzdHM9IlRydWUiIEZvbGxvd1JlZGlyZWN0cz0iVHJ1ZSIgUmVjb3JkUmVzdWx0PSJUcnVlIiBDYWNoZT0iRmFsc2UiIFJlc3BvbnNlVGltZUdvYWw9IjAiIEVuY29kaW5nPSJ1dGYtOCIgRXhwZWN0ZWRIdHRwU3RhdHVzQ29kZT0iMCIgRXhwZWN0ZWRSZXNwb25zZVVybD0iaHR0cHM6Ly93d3cuZmFjZWJvb2suY29tL3BsdWdpbnMvbGlrZV9ib3gucGhwP2FwcF9pZD0yNDI2MjQ2OTkxNzQzMzMmYW1wO2NoYW5uZWw9aHR0cCUzQSUyRiUyRnN0YXRpYy5hay5mYWNlYm9vay5jb20lMkZjb25uZWN0JTJGeGRfYXJiaXRlciUyRlFqSzJoV3Y2dWFrLmpzJTNGdmVyc2lvbiUzRDQxJTIzY2IlM0RmMTFmYTUwODE0ODBkYmElMjZkb21haW4lM0R0ZXN0LnRlbGVyaWthY2FkZW15LmNvbSUyNm9yaWdpbiUzRGh0dHAlMjUzQSUyNTJGJTI1MkZ0ZXN0LnRlbGVyaWthY2FkZW15LmNvbSUyNTJGZjNhMDVkNzkxODNiMyUyNnJlbGF0aW9uJTNEcGFyZW50LnBhcmVudCZhbXA7aGVhZGVyPXRydWUmYW1wO2hlaWdodD00NjgmYW1wO2hyZWY9aHR0cCUzQSUyRiUyRnd3dy5mYWNlYm9vay5jb20lMkZUZWxlcmlrQWNhZGVteSZhbXA7bG9jYWxlPWVuX1VTJmFtcDtzZGs9am9leSZhbXA7c2hvd19mYWNlcz1mYWxzZSZhbXA7c3RyZWFtPXRydWUmYW1wO3dpZHRoPTYyMCIgUmVwb3J0aW5nTmFtZT0iIiBJZ25vcmVIdHRwU3RhdHVzQ29kZT0iRmFsc2UiPg0KICAgICAgPERlcGVuZGVudFJlcXVlc3RzPg0KICAgICAgICA8UmVxdWVzdCBNZXRob2Q9IkdFVCIgR3VpZD0iNzkyMzA2MDgtZWQ0Mi00MWM5LWI5ZWItNmZmY2ZkYzg2YjNhIiBWZXJzaW9uPSIxLjEiIFVybD0iaHR0cHM6Ly93d3cuZmFjZWJvb2suY29tL3BsdWdpbnMvbGlrZWJveC9zdHJlYW0iIFRoaW5rVGltZT0iMSIgVGltZW91dD0iMzAwIiBQYXJzZURlcGVuZGVudFJlcXVlc3RzPSJUcnVlIiBGb2xsb3dSZWRpcmVjdHM9IlRydWUiIFJlY29yZFJlc3VsdD0iVHJ1ZSIgQ2FjaGU9IkZhbHNlIiBSZXNwb25zZVRpbWVHb2FsPSIwIiBFbmNvZGluZz0idXRmLTgiIEV4cGVjdGVkSHR0cFN0YXR1c0NvZGU9IjAiIEV4cGVjdGVkUmVzcG9uc2VVcmw9IiIgUmVwb3J0aW5nTmFtZT0iIiBJZ25vcmVIdHRwU3RhdHVzQ29kZT0iRmFsc2UiPg0KICAgICAgICAgIDxIZWFkZXJzPg0KICAgICAgICAgICAgPEhlYWRlciBOYW1lPSJSZWZlcmVyIiBWYWx1ZT0iaHR0cHM6Ly93d3cuZmFjZWJvb2suY29tL3BsdWdpbnMvbGlrZV9ib3gucGhwP2FwcF9pZD0yNDI2MjQ2OTkxNzQzMzMmYW1wO2NoYW5uZWw9aHR0cCUzQSUyRiUyRnN0YXRpYy5hay5mYWNlYm9vay5jb20lMkZjb25uZWN0JTJGeGRfYXJiaXRlciUyRlFqSzJoV3Y2dWFrLmpzJTNGdmVyc2lvbiUzRDQxJTIzY2IlM0RmMTFmYTUwODE0ODBkYmElMjZkb21haW4lM0R0ZXN0LnRlbGVyaWthY2FkZW15LmNvbSUyNm9yaWdpbiUzRGh0dHAlMjUzQSUyNTJGJTI1MkZ0ZXN0LnRlbGVyaWthY2FkZW15LmNvbSUyNTJGZjNhMDVkNzkxODNiMyUyNnJlbGF0aW9uJTNEcGFyZW50LnBhcmVudCZhbXA7aGVhZGVyPXRydWUmYW1wO2hlaWdodD00NjgmYW1wO2hyZWY9aHR0cCUzQSUyRiUyRnd3dy5mYWNlYm9vay5jb20lMkZUZWxlcmlrQWNhZGVteSZhbXA7bG9jYWxlPWVuX1VTJmFtcDtzZGs9am9leSZhbXA7c2hvd19mYWNlcz1mYWxzZSZhbXA7c3RyZWFtPXRydWUmYW1wO3dpZHRoPTYyMCIgLz4NCiAgICAgICAgICA8L0hlYWRlcnM+DQogICAgICAgICAgPFF1ZXJ5U3RyaW5nUGFyYW1ldGVycz4NCiAgICAgICAgICAgIDxRdWVyeVN0cmluZ1BhcmFtZXRlciBOYW1lPSJpZCIgVmFsdWU9IjI0NzgzODc3MTkwOTA4MSIgUmVjb3JkZWRWYWx1ZT0iMjQ3ODM4NzcxOTA5MDgxIiBDb3JyZWxhdGlvbkJpbmRpbmc9IiIgVXJsRW5jb2RlPSJGYWxzZSIgVXNlVG9Hcm91cFJlc3VsdHM9IkZhbHNlIiAvPg0KICAgICAgICAgICAgPFF1ZXJ5U3RyaW5nUGFyYW1ldGVyIE5hbWU9ImRvbSIgVmFsdWU9InBsdWdpbkxpa2Vib3hTdHJlYW0iIFJlY29yZGVkVmFsdWU9InBsdWdpbkxpa2Vib3hTdHJlYW0iIENvcnJlbGF0aW9uQmluZGluZz0iIiBVcmxFbmNvZGU9IkZhbHNlIiBVc2VUb0dyb3VwUmVzdWx0cz0iRmFsc2UiIC8+DQogICAgICAgICAgICA8UXVlcnlTdHJpbmdQYXJhbWV0ZXIgTmFtZT0iZm9yY2Vfd2FsbCIgVmFsdWU9ImZhbHNlIiBSZWNvcmRlZFZhbHVlPSJmYWxzZSIgQ29ycmVsYXRpb25CaW5kaW5nPSIiIFVybEVuY29kZT0iRmFsc2UiIFVzZVRvR3JvdXBSZXN1bHRzPSJGYWxzZSIgLz4NCiAgICAgICAgICAgIDxRdWVyeVN0cmluZ1BhcmFtZXRlciBOYW1lPSJub2Jvb3Rsb2FkIiBWYWx1ZT0iMSIgUmVjb3JkZWRWYWx1ZT0iMSIgQ29ycmVsYXRpb25CaW5kaW5nPSIiIFVybEVuY29kZT0iRmFsc2UiIFVzZVRvR3JvdXBSZXN1bHRzPSJGYWxzZSIgLz4NCiAgICAgICAgICAgIDxRdWVyeVN0cmluZ1BhcmFtZXRlciBOYW1lPSJpbmxpbmVjc3MiIFZhbHVlPSIxIiBSZWNvcmRlZFZhbHVlPSIxIiBDb3JyZWxhdGlvbkJpbmRpbmc9IiIgVXJsRW5jb2RlPSJGYWxzZSIgVXNlVG9Hcm91cFJlc3VsdHM9IkZhbHNlIiAvPg0KICAgICAgICAgICAgPFF1ZXJ5U3RyaW5nUGFyYW1ldGVyIE5hbWU9IndpZHRoIiBWYWx1ZT0iNjIwIiBSZWNvcmRlZFZhbHVlPSI2MjAiIENvcnJlbGF0aW9uQmluZGluZz0iIiBVcmxFbmNvZGU9IkZhbHNlIiBVc2VUb0dyb3VwUmVzdWx0cz0iRmFsc2UiIC8+DQogICAgICAgICAgICA8UXVlcnlTdHJpbmdQYXJhbWV0ZXIgTmFtZT0iX191c2VyIiBWYWx1ZT0iMCIgUmVjb3JkZWRWYWx1ZT0iMCIgQ29ycmVsYXRpb25CaW5kaW5nPSIiIFVybEVuY29kZT0iRmFsc2UiIFVzZVRvR3JvdXBSZXN1bHRzPSJGYWxzZSIgLz4NCiAgICAgICAgICAgIDxRdWVyeVN0cmluZ1BhcmFtZXRlciBOYW1lPSJfX2EiIFZhbHVlPSIxIiBSZWNvcmRlZFZhbHVlPSIxIiBDb3JyZWxhdGlvbkJpbmRpbmc9IiIgVXJsRW5jb2RlPSJGYWxzZSIgVXNlVG9Hcm91cFJlc3VsdHM9IkZhbHNlIiAvPg0KICAgICAgICAgICAgPFF1ZXJ5U3RyaW5nUGFyYW1ldGVyIE5hbWU9Il9fZHluIiBWYWx1ZT0iN3dmR2J3S0JXbzJ2d0F3IiBSZWNvcmRlZFZhbHVlPSI3d2ZHYndLQldvMnZ3QXciIENvcnJlbGF0aW9uQmluZGluZz0iIiBVcmxFbmNvZGU9IkZhbHNlIiBVc2VUb0dyb3VwUmVzdWx0cz0iRmFsc2UiIC8+DQogICAgICAgICAgICA8UXVlcnlTdHJpbmdQYXJhbWV0ZXIgTmFtZT0iX19yZXEiIFZhbHVlPSIxIiBSZWNvcmRlZFZhbHVlPSIxIiBDb3JyZWxhdGlvbkJpbmRpbmc9IiIgVXJsRW5jb2RlPSJGYWxzZSIgVXNlVG9Hcm91cFJlc3VsdHM9IkZhbHNlIiAvPg0KICAgICAgICAgICAgPFF1ZXJ5U3RyaW5nUGFyYW1ldGVyIE5hbWU9ImxvY2FsZSIgVmFsdWU9ImVuX1VTIiBSZWNvcmRlZFZhbHVlPSJlbl9VUyIgQ29ycmVsYXRpb25CaW5kaW5nPSIiIFVybEVuY29kZT0iRmFsc2UiIFVzZVRvR3JvdXBSZXN1bHRzPSJGYWxzZSIgLz4NCiAgICAgICAgICAgIDxRdWVyeVN0cmluZ1BhcmFtZXRlciBOYW1lPSJfX3JldiIgVmFsdWU9IjE0OTEyNjciIFJlY29yZGVkVmFsdWU9IjE0OTEyNjciIENvcnJlbGF0aW9uQmluZGluZz0iIiBVcmxFbmNvZGU9IkZhbHNlIiBVc2VUb0dyb3VwUmVzdWx0cz0iRmFsc2UiIC8+DQogICAgICAgICAgPC9RdWVyeVN0cmluZ1BhcmFtZXRlcnM+DQogICAgICAgIDwvUmVxdWVzdD4NCiAgICAgIDwvRGVwZW5kZW50UmVxdWVzdHM+DQogICAgICA8SGVhZGVycz4NCiAgICAgICAgPEhlYWRlciBOYW1lPSJSZWZlcmVyIiBWYWx1ZT0iaHR0cDovL3Rlc3QudGVsZXJpa2FjYWRlbXkuY29tLyIgLz4NCiAgICAgIDwvSGVhZGVycz4NCiAgICAgIDxDb3JyZWxhdGlvbkV4dHJhY3Rpb25SdWxlcz4NCiAgICAgICAgPEV4dHJhY3Rpb25SdWxlIENsYXNzbmFtZT0iTWljcm9zb2Z0LlZpc3VhbFN0dWRpby5UZXN0VG9vbHMuV2ViVGVzdGluZy5SdWxlcy5FeHRyYWN0VGV4dCwgTWljcm9zb2Z0LlZpc3VhbFN0dWRpby5RdWFsaXR5VG9vbHMuV2ViVGVzdEZyYW1ld29yaywgVmVyc2lvbj0xMC4wLjAuMCwgQ3VsdHVyZT1uZXV0cmFsLCBQdWJsaWNLZXlUb2tlbj1iMDNmNWY3ZjExZDUwYTNhIiBWYXJpYWJsZU5hbWU9IlF1ZXJ5U3RyaW5nUGFyYW0xMTE3LmRvbWFpbiIgRGlzcGxheU5hbWU9IiIgRGVzY3JpcHRpb249IiI+DQogICAgICAgICAgPFJ1bGVQYXJhbWV0ZXJzPg0KICAgICAgICAgICAgPFJ1bGVQYXJhbWV0ZXIgTmFtZT0iU3RhcnRzV2l0aCIgVmFsdWU9IiZhbXA7ZG9tYWluPSIgLz4NCiAgICAgICAgICAgIDxSdWxlUGFyYW1ldGVyIE5hbWU9IkVuZHNXaXRoIiBWYWx1ZT0iJmFtcDsiIC8+DQogICAgICAgICAgICA8UnVsZVBhcmFtZXRlciBOYW1lPSJJbmRleCIgVmFsdWU9IjAiIC8+DQogICAgICAgICAgICA8UnVsZVBhcmFtZXRlciBOYW1lPSJJZ25vcmVDYXNlIiBWYWx1ZT0iRmFsc2UiIC8+DQogICAgICAgICAgICA8UnVsZVBhcmFtZXRlciBOYW1lPSJVc2VSZWd1bGFyRXhwcmVzc2lvbiIgVmFsdWU9IkZhbHNlIiAvPg0KICAgICAgICAgICAgPFJ1bGVQYXJhbWV0ZXIgTmFtZT0iSHRtbERlY29kZSIgVmFsdWU9IlRydWUiIC8+DQogICAgICAgICAgICA8UnVsZVBhcmFtZXRlciBOYW1lPSJSZXF1aXJlZCIgVmFsdWU9IkZhbHNlIiAvPg0KICAgICAgICAgIDwvUnVsZVBhcmFtZXRlcnM+DQogICAgICAgIDwvRXh0cmFjdGlvblJ1bGU+DQogICAgICA8L0NvcnJlbGF0aW9uRXh0cmFjdGlvblJ1bGVzPg0KICAgICAgPFF1ZXJ5U3RyaW5nUGFyYW1ldGVycz4NCiAgICAgICAgPFF1ZXJ5U3RyaW5nUGFyYW1ldGVyIE5hbWU9ImFwcF9pZCIgVmFsdWU9IjI0MjYyNDY5OTE3NDMzMyIgUmVjb3JkZWRWYWx1ZT0iMjQyNjI0Njk5MTc0MzMzIiBDb3JyZWxhdGlvbkJpbmRpbmc9IiIgVXJsRW5jb2RlPSJGYWxzZSIgVXNlVG9Hcm91cFJlc3VsdHM9IkZhbHNlIiAvPg0KICAgICAgICA8UXVlcnlTdHJpbmdQYXJhbWV0ZXIgTmFtZT0iY2hhbm5lbCIgVmFsdWU9Imh0dHAlM0ElMkYlMkZzdGF0aWMuYWsuZmFjZWJvb2suY29tJTJGY29ubmVjdCUyRnhkX2FyYml0ZXIlMkZRaksyaFd2NnVhay5qcyUzRnZlcnNpb24lM0Q0MSUyM2NiJTNEZjExZmE1MDgxNDgwZGJhJTI2ZG9tYWluJTNEdGVzdC50ZWxlcmlrYWNhZGVteS5jb20lMjZvcmlnaW4lM0RodHRwJTI1M0ElMjUyRiUyNTJGdGVzdC50ZWxlcmlrYWNhZGVteS5jb20lMjUyRmYzYTA1ZDc5MTgzYjMlMjZyZWxhdGlvbiUzRHBhcmVudC5wYXJlbnQiIFJlY29yZGVkVmFsdWU9Imh0dHAlM0ElMkYlMkZzdGF0aWMuYWsuZmFjZWJvb2suY29tJTJGY29ubmVjdCUyRnhkX2FyYml0ZXIlMkZRaksyaFd2NnVhay5qcyUzRnZlcnNpb24lM0Q0MSUyM2NiJTNEZjExZmE1MDgxNDgwZGJhJTI2ZG9tYWluJTNEdGVzdC50ZWxlcmlrYWNhZGVteS5jb20lMjZvcmlnaW4lM0RodHRwJTI1M0ElMjUyRiUyNTJGdGVzdC50ZWxlcmlrYWNhZGVteS5jb20lMjUyRmYzYTA1ZDc5MTgzYjMlMjZyZWxhdGlvbiUzRHBhcmVudC5wYXJlbnQiIENvcnJlbGF0aW9uQmluZGluZz0iIiBVcmxFbmNvZGU9IkZhbHNlIiBVc2VUb0dyb3VwUmVzdWx0cz0iRmFsc2UiIC8+DQogICAgICAgIDxRdWVyeVN0cmluZ1BhcmFtZXRlciBOYW1lPSJoZWFkZXIiIFZhbHVlPSJ0cnVlIiBSZWNvcmRlZFZhbHVlPSJ0cnVlIiBDb3JyZWxhdGlvbkJpbmRpbmc9IiIgVXJsRW5jb2RlPSJGYWxzZSIgVXNlVG9Hcm91cFJlc3VsdHM9IkZhbHNlIiAvPg0KICAgICAgICA8UXVlcnlTdHJpbmdQYXJhbWV0ZXIgTmFtZT0iaGVpZ2h0IiBWYWx1ZT0iNDY4IiBSZWNvcmRlZFZhbHVlPSI0NjgiIENvcnJlbGF0aW9uQmluZGluZz0iIiBVcmxFbmNvZGU9IkZhbHNlIiBVc2VUb0dyb3VwUmVzdWx0cz0iRmFsc2UiIC8+DQogICAgICAgIDxRdWVyeVN0cmluZ1BhcmFtZXRlciBOYW1lPSJocmVmIiBWYWx1ZT0iaHR0cCUzQSUyRiUyRnd3dy5mYWNlYm9vay5jb20lMkZUZWxlcmlrQWNhZGVteSIgUmVjb3JkZWRWYWx1ZT0iaHR0cCUzQSUyRiUyRnd3dy5mYWNlYm9vay5jb20lMkZUZWxlcmlrQWNhZGVteSIgQ29ycmVsYXRpb25CaW5kaW5nPSIiIFVybEVuY29kZT0iRmFsc2UiIFVzZVRvR3JvdXBSZXN1bHRzPSJGYWxzZSIgLz4NCiAgICAgICAgPFF1ZXJ5U3RyaW5nUGFyYW1ldGVyIE5hbWU9ImxvY2FsZSIgVmFsdWU9ImVuX1VTIiBSZWNvcmRlZFZhbHVlPSJlbl9VUyIgQ29ycmVsYXRpb25CaW5kaW5nPSIiIFVybEVuY29kZT0iRmFsc2UiIFVzZVRvR3JvdXBSZXN1bHRzPSJGYWxzZSIgLz4NCiAgICAgICAgPFF1ZXJ5U3RyaW5nUGFyYW1ldGVyIE5hbWU9InNkayIgVmFsdWU9ImpvZXkiIFJlY29yZGVkVmFsdWU9ImpvZXkiIENvcnJlbGF0aW9uQmluZGluZz0iIiBVcmxFbmNvZGU9IkZhbHNlIiBVc2VUb0dyb3VwUmVzdWx0cz0iRmFsc2UiIC8+DQogICAgICAgIDxRdWVyeVN0cmluZ1BhcmFtZXRlciBOYW1lPSJzaG93X2ZhY2VzIiBWYWx1ZT0iZmFsc2UiIFJlY29yZGVkVmFsdWU9ImZhbHNlIiBDb3JyZWxhdGlvbkJpbmRpbmc9IiIgVXJsRW5jb2RlPSJGYWxzZSIgVXNlVG9Hcm91cFJlc3VsdHM9IkZhbHNlIiAvPg0KICAgICAgICA8UXVlcnlTdHJpbmdQYXJhbWV0ZXIgTmFtZT0ic3RyZWFtIiBWYWx1ZT0idHJ1ZSIgUmVjb3JkZWRWYWx1ZT0idHJ1ZSIgQ29ycmVsYXRpb25CaW5kaW5nPSIiIFVybEVuY29kZT0iRmFsc2UiIFVzZVRvR3JvdXBSZXN1bHRzPSJGYWxzZSIgLz4NCiAgICAgICAgPFF1ZXJ5U3RyaW5nUGFyYW1ldGVyIE5hbWU9IndpZHRoIiBWYWx1ZT0iNjIwIiBSZWNvcmRlZFZhbHVlPSI2MjAiIENvcnJlbGF0aW9uQmluZGluZz0iIiBVcmxFbmNvZGU9IkZhbHNlIiBVc2VUb0dyb3VwUmVzdWx0cz0iRmFsc2UiIC8+DQogICAgICA8L1F1ZXJ5U3RyaW5nUGFyYW1ldGVycz4NCiAgICA8L1JlcXVlc3Q+DQogICAgPFJlcXVlc3QgTWV0aG9kPSJHRVQiIEd1aWQ9ImE0OGE2ZmQ0LTE1MDUtNDI2OC05NDExLTlkZjc5YmEwZTlkMiIgVmVyc2lvbj0iMS4xIiBVcmw9Imh0dHA6Ly90ZXN0LnRlbGVyaWthY2FkZW15LmNvbS9Vc2Vycy9BdXRoL0xvZ091dCIgVGhpbmtUaW1lPSIwIiBUaW1lb3V0PSIzMDAiIFBhcnNlRGVwZW5kZW50UmVxdWVzdHM9IlRydWUiIEZvbGxvd1JlZGlyZWN0cz0iVHJ1ZSIgUmVjb3JkUmVzdWx0PSJUcnVlIiBDYWNoZT0iRmFsc2UiIFJlc3BvbnNlVGltZUdvYWw9IjAiIEVuY29kaW5nPSJ1dGYtOCIgRXhwZWN0ZWRIdHRwU3RhdHVzQ29kZT0iMCIgRXhwZWN0ZWRSZXNwb25zZVVybD0iaHR0cDovL3Rlc3QudGVsZXJpa2FjYWRlbXkuY29tLyIgUmVwb3J0aW5nTmFtZT0iIiBJZ25vcmVIdHRwU3RhdHVzQ29kZT0iRmFsc2UiPg0KICAgICAgPEhlYWRlcnM+DQogICAgICAgIDxIZWFkZXIgTmFtZT0iUmVmZXJlciIgVmFsdWU9Imh0dHA6Ly90ZXN0LnRlbGVyaWthY2FkZW15LmNvbS8iIC8+DQogICAgICA8L0hlYWRlcnM+DQogICAgPC9SZXF1ZXN0Pg0KICAgIDxSZXF1ZXN0IE1ldGhvZD0iR0VUIiBHdWlkPSI0NDgyOTZmOS0xYzU2LTRmOTItYjQwMS0yOGQzMTcxNzBjNzAiIFZlcnNpb249IjEuMSIgVXJsPSJodHRwczovL3d3dy5mYWNlYm9vay5jb20vY29ubmVjdC9waW5nIiBUaGlua1RpbWU9IjAiIFRpbWVvdXQ9IjMwMCIgUGFyc2VEZXBlbmRlbnRSZXF1ZXN0cz0iVHJ1ZSIgRm9sbG93UmVkaXJlY3RzPSJUcnVlIiBSZWNvcmRSZXN1bHQ9IlRydWUiIENhY2hlPSJGYWxzZSIgUmVzcG9uc2VUaW1lR29hbD0iMCIgRW5jb2Rpbmc9InV0Zi04IiBFeHBlY3RlZEh0dHBTdGF0dXNDb2RlPSIwIiBFeHBlY3RlZFJlc3BvbnNlVXJsPSIiIFJlcG9ydGluZ05hbWU9IiIgSWdub3JlSHR0cFN0YXR1c0NvZGU9IkZhbHNlIj4NCiAgICAgIDxIZWFkZXJzPg0KICAgICAgICA8SGVhZGVyIE5hbWU9IlJlZmVyZXIiIFZhbHVlPSJodHRwOi8vdGVzdC50ZWxlcmlrYWNhZGVteS5jb20vIiAvPg0KICAgICAgPC9IZWFkZXJzPg0KICAgICAgPFF1ZXJ5U3RyaW5nUGFyYW1ldGVycz4NCiAgICAgICAgPFF1ZXJ5U3RyaW5nUGFyYW1ldGVyIE5hbWU9ImNsaWVudF9pZCIgVmFsdWU9IjI0MjYyNDY5OTE3NDMzMyIgUmVjb3JkZWRWYWx1ZT0iMjQyNjI0Njk5MTc0MzMzIiBDb3JyZWxhdGlvbkJpbmRpbmc9IiIgVXJsRW5jb2RlPSJGYWxzZSIgVXNlVG9Hcm91cFJlc3VsdHM9IkZhbHNlIiAvPg0KICAgICAgICA8UXVlcnlTdHJpbmdQYXJhbWV0ZXIgTmFtZT0iZG9tYWluIiBWYWx1ZT0idGVzdC50ZWxlcmlrYWNhZGVteS5jb20iIFJlY29yZGVkVmFsdWU9InRlc3QudGVsZXJpa2FjYWRlbXkuY29tIiBDb3JyZWxhdGlvbkJpbmRpbmc9Int7UXVlcnlTdHJpbmdQYXJhbTExMTcuZG9tYWlufX0iIFVybEVuY29kZT0iRmFsc2UiIFVzZVRvR3JvdXBSZXN1bHRzPSJGYWxzZSIgLz4NCiAgICAgICAgPFF1ZXJ5U3RyaW5nUGFyYW1ldGVyIE5hbWU9Im9yaWdpbiIgVmFsdWU9IjEiIFJlY29yZGVkVmFsdWU9IjEiIENvcnJlbGF0aW9uQmluZGluZz0iIiBVcmxFbmNvZGU9IkZhbHNlIiBVc2VUb0dyb3VwUmVzdWx0cz0iRmFsc2UiIC8+DQogICAgICAgIDxRdWVyeVN0cmluZ1BhcmFtZXRlciBOYW1lPSJyZWRpcmVjdF91cmkiIFZhbHVlPSJodHRwJTNBJTJGJTJGc3RhdGljLmFrLmZhY2Vib29rLmNvbSUyRmNvbm5lY3QlMkZ4ZF9hcmJpdGVyJTJGUWpLMmhXdjZ1YWsuanMlM0Z2ZXJzaW9uJTNENDElMjNjYiUzRGYxNGNhMDk0NjE1YzBkJTI2ZG9tYWluJTNEdGVzdC50ZWxlcmlrYWNhZGVteS5jb20lMjZvcmlnaW4lM0RodHRwJTI1M0ElMjUyRiUyNTJGdGVzdC50ZWxlcmlrYWNhZGVteS5jb20lMjUyRmZjMTExNzUxZDE3ZTBjJTI2cmVsYXRpb24lM0RwYXJlbnQiIFJlY29yZGVkVmFsdWU9Imh0dHAlM0ElMkYlMkZzdGF0aWMuYWsuZmFjZWJvb2suY29tJTJGY29ubmVjdCUyRnhkX2FyYml0ZXIlMkZRaksyaFd2NnVhay5qcyUzRnZlcnNpb24lM0Q0MSUyM2NiJTNEZjE0Y2EwOTQ2MTVjMGQlMjZkb21haW4lM0R0ZXN0LnRlbGVyaWthY2FkZW15LmNvbSUyNm9yaWdpbiUzRGh0dHAlMjUzQSUyNTJGJTI1MkZ0ZXN0LnRlbGVyaWthY2FkZW15LmNvbSUyNTJGZmMxMTE3NTFkMTdlMGMlMjZyZWxhdGlvbiUzRHBhcmVudCIgQ29ycmVsYXRpb25CaW5kaW5nPSIiIFVybEVuY29kZT0iRmFsc2UiIFVzZVRvR3JvdXBSZXN1bHRzPSJGYWxzZSIgLz4NCiAgICAgICAgPFF1ZXJ5U3RyaW5nUGFyYW1ldGVyIE5hbWU9InJlc3BvbnNlX3R5cGUiIFZhbHVlPSJ0b2tlbiUyQ3NpZ25lZF9yZXF1ZXN0JTJDY29kZSIgUmVjb3JkZWRWYWx1ZT0idG9rZW4lMkNzaWduZWRfcmVxdWVzdCUyQ2NvZGUiIENvcnJlbGF0aW9uQmluZGluZz0iIiBVcmxFbmNvZGU9IkZhbHNlIiBVc2VUb0dyb3VwUmVzdWx0cz0iRmFsc2UiIC8+DQogICAgICAgIDxRdWVyeVN0cmluZ1BhcmFtZXRlciBOYW1lPSJzZGsiIFZhbHVlPSJqb2V5IiBSZWNvcmRlZFZhbHVlPSJqb2V5IiBDb3JyZWxhdGlvbkJpbmRpbmc9IiIgVXJsRW5jb2RlPSJGYWxzZSIgVXNlVG9Hcm91cFJlc3VsdHM9IkZhbHNlIiAvPg0KICAgICAgPC9RdWVyeVN0cmluZ1BhcmFtZXRlcnM+DQogICAgPC9SZXF1ZXN0Pg0KICAgIDxSZXF1ZXN0IE1ldGhvZD0iR0VUIiBHdWlkPSJhNDZhMTY3Mi05YmYzLTRhNDYtOTFiMC1lODg3OGY1YjBiODYiIFZlcnNpb249IjEuMSIgVXJsPSJodHRwOi8vd3d3LmZhY2Vib29rLmNvbS9wbHVnaW5zL2xpa2VfYm94LnBocCIgVGhpbmtUaW1lPSIwIiBUaW1lb3V0PSIzMDAiIFBhcnNlRGVwZW5kZW50UmVxdWVzdHM9IlRydWUiIEZvbGxvd1JlZGlyZWN0cz0iVHJ1ZSIgUmVjb3JkUmVzdWx0PSJUcnVlIiBDYWNoZT0iRmFsc2UiIFJlc3BvbnNlVGltZUdvYWw9IjAiIEVuY29kaW5nPSJ1dGYtOCIgRXhwZWN0ZWRIdHRwU3RhdHVzQ29kZT0iMCIgRXhwZWN0ZWRSZXNwb25zZVVybD0iaHR0cHM6Ly93d3cuZmFjZWJvb2suY29tL3BsdWdpbnMvbGlrZV9ib3gucGhwP2FwcF9pZD0yNDI2MjQ2OTkxNzQzMzMmYW1wO2NoYW5uZWw9aHR0cCUzQSUyRiUyRnN0YXRpYy5hay5mYWNlYm9vay5jb20lMkZjb25uZWN0JTJGeGRfYXJiaXRlciUyRlFqSzJoV3Y2dWFrLmpzJTNGdmVyc2lvbiUzRDQxJTIzY2IlM0RmMzQxZDZmODNmODk3NiUyNmRvbWFpbiUzRHRlc3QudGVsZXJpa2FjYWRlbXkuY29tJTI2b3JpZ2luJTNEaHR0cCUyNTNBJTI1MkYlMjUyRnRlc3QudGVsZXJpa2FjYWRlbXkuY29tJTI1MkZmYzExMTc1MWQxN2UwYyUyNnJlbGF0aW9uJTNEcGFyZW50LnBhcmVudCZhbXA7aGVhZGVyPXRydWUmYW1wO2hlaWdodD00NjgmYW1wO2hyZWY9aHR0cCUzQSUyRiUyRnd3dy5mYWNlYm9vay5jb20lMkZUZWxlcmlrQWNhZGVteSZhbXA7bG9jYWxlPWVuX1VTJmFtcDtzZGs9am9leSZhbXA7c2hvd19mYWNlcz1mYWxzZSZhbXA7c3RyZWFtPXRydWUmYW1wO3dpZHRoPTYyMCIgUmVwb3J0aW5nTmFtZT0iIiBJZ25vcmVIdHRwU3RhdHVzQ29kZT0iRmFsc2UiPg0KICAgICAgPERlcGVuZGVudFJlcXVlc3RzPg0KICAgICAgICA8UmVxdWVzdCBNZXRob2Q9IkdFVCIgR3VpZD0iNmExZGI1OGItMWFhMS00MWNkLWFkYmUtNDJiM2U4YjYwODgwIiBWZXJzaW9uPSIxLjEiIFVybD0iaHR0cHM6Ly93d3cuZmFjZWJvb2suY29tL3BsdWdpbnMvbGlrZWJveC9zdHJlYW0iIFRoaW5rVGltZT0iMSIgVGltZW91dD0iMzAwIiBQYXJzZURlcGVuZGVudFJlcXVlc3RzPSJUcnVlIiBGb2xsb3dSZWRpcmVjdHM9IlRydWUiIFJlY29yZFJlc3VsdD0iVHJ1ZSIgQ2FjaGU9IkZhbHNlIiBSZXNwb25zZVRpbWVHb2FsPSIwIiBFbmNvZGluZz0idXRmLTgiIEV4cGVjdGVkSHR0cFN0YXR1c0NvZGU9IjAiIEV4cGVjdGVkUmVzcG9uc2VVcmw9IiIgUmVwb3J0aW5nTmFtZT0iIiBJZ25vcmVIdHRwU3RhdHVzQ29kZT0iRmFsc2UiPg0KICAgICAgICAgIDxIZWFkZXJzPg0KICAgICAgICAgICAgPEhlYWRlciBOYW1lPSJSZWZlcmVyIiBWYWx1ZT0iaHR0cHM6Ly93d3cuZmFjZWJvb2suY29tL3BsdWdpbnMvbGlrZV9ib3gucGhwP2FwcF9pZD0yNDI2MjQ2OTkxNzQzMzMmYW1wO2NoYW5uZWw9aHR0cCUzQSUyRiUyRnN0YXRpYy5hay5mYWNlYm9vay5jb20lMkZjb25uZWN0JTJGeGRfYXJiaXRlciUyRlFqSzJoV3Y2dWFrLmpzJTNGdmVyc2lvbiUzRDQxJTIzY2IlM0RmMzQxZDZmODNmODk3NiUyNmRvbWFpbiUzRHRlc3QudGVsZXJpa2FjYWRlbXkuY29tJTI2b3JpZ2luJTNEaHR0cCUyNTNBJTI1MkYlMjUyRnRlc3QudGVsZXJpa2FjYWRlbXkuY29tJTI1MkZmYzExMTc1MWQxN2UwYyUyNnJlbGF0aW9uJTNEcGFyZW50LnBhcmVudCZhbXA7aGVhZGVyPXRydWUmYW1wO2hlaWdodD00NjgmYW1wO2hyZWY9aHR0cCUzQSUyRiUyRnd3dy5mYWNlYm9vay5jb20lMkZUZWxlcmlrQWNhZGVteSZhbXA7bG9jYWxlPWVuX1VTJmFtcDtzZGs9am9leSZhbXA7c2hvd19mYWNlcz1mYWxzZSZhbXA7c3RyZWFtPXRydWUmYW1wO3dpZHRoPTYyMCIgLz4NCiAgICAgICAgICA8L0hlYWRlcnM+DQogICAgICAgICAgPFF1ZXJ5U3RyaW5nUGFyYW1ldGVycz4NCiAgICAgICAgICAgIDxRdWVyeVN0cmluZ1BhcmFtZXRlciBOYW1lPSJpZCIgVmFsdWU9IjI0NzgzODc3MTkwOTA4MSIgUmVjb3JkZWRWYWx1ZT0iMjQ3ODM4NzcxOTA5MDgxIiBDb3JyZWxhdGlvbkJpbmRpbmc9IiIgVXJsRW5jb2RlPSJGYWxzZSIgVXNlVG9Hcm91cFJlc3VsdHM9IkZhbHNlIiAvPg0KICAgICAgICAgICAgPFF1ZXJ5U3RyaW5nUGFyYW1ldGVyIE5hbWU9ImRvbSIgVmFsdWU9InBsdWdpbkxpa2Vib3hTdHJlYW0iIFJlY29yZGVkVmFsdWU9InBsdWdpbkxpa2Vib3hTdHJlYW0iIENvcnJlbGF0aW9uQmluZGluZz0iIiBVcmxFbmNvZGU9IkZhbHNlIiBVc2VUb0dyb3VwUmVzdWx0cz0iRmFsc2UiIC8+DQogICAgICAgICAgICA8UXVlcnlTdHJpbmdQYXJhbWV0ZXIgTmFtZT0iZm9yY2Vfd2FsbCIgVmFsdWU9ImZhbHNlIiBSZWNvcmRlZFZhbHVlPSJmYWxzZSIgQ29ycmVsYXRpb25CaW5kaW5nPSIiIFVybEVuY29kZT0iRmFsc2UiIFVzZVRvR3JvdXBSZXN1bHRzPSJGYWxzZSIgLz4NCiAgICAgICAgICAgIDxRdWVyeVN0cmluZ1BhcmFtZXRlciBOYW1lPSJub2Jvb3Rsb2FkIiBWYWx1ZT0iMSIgUmVjb3JkZWRWYWx1ZT0iMSIgQ29ycmVsYXRpb25CaW5kaW5nPSIiIFVybEVuY29kZT0iRmFsc2UiIFVzZVRvR3JvdXBSZXN1bHRzPSJGYWxzZSIgLz4NCiAgICAgICAgICAgIDxRdWVyeVN0cmluZ1BhcmFtZXRlciBOYW1lPSJpbmxpbmVjc3MiIFZhbHVlPSIxIiBSZWNvcmRlZFZhbHVlPSIxIiBDb3JyZWxhdGlvbkJpbmRpbmc9IiIgVXJsRW5jb2RlPSJGYWxzZSIgVXNlVG9Hcm91cFJlc3VsdHM9IkZhbHNlIiAvPg0KICAgICAgICAgICAgPFF1ZXJ5U3RyaW5nUGFyYW1ldGVyIE5hbWU9IndpZHRoIiBWYWx1ZT0iNjIwIiBSZWNvcmRlZFZhbHVlPSI2MjAiIENvcnJlbGF0aW9uQmluZGluZz0iIiBVcmxFbmNvZGU9IkZhbHNlIiBVc2VUb0dyb3VwUmVzdWx0cz0iRmFsc2UiIC8+DQogICAgICAgICAgICA8UXVlcnlTdHJpbmdQYXJhbWV0ZXIgTmFtZT0iX191c2VyIiBWYWx1ZT0iMCIgUmVjb3JkZWRWYWx1ZT0iMCIgQ29ycmVsYXRpb25CaW5kaW5nPSIiIFVybEVuY29kZT0iRmFsc2UiIFVzZVRvR3JvdXBSZXN1bHRzPSJGYWxzZSIgLz4NCiAgICAgICAgICAgIDxRdWVyeVN0cmluZ1BhcmFtZXRlciBOYW1lPSJfX2EiIFZhbHVlPSIxIiBSZWNvcmRlZFZhbHVlPSIxIiBDb3JyZWxhdGlvbkJpbmRpbmc9IiIgVXJsRW5jb2RlPSJGYWxzZSIgVXNlVG9Hcm91cFJlc3VsdHM9IkZhbHNlIiAvPg0KICAgICAgICAgICAgPFF1ZXJ5U3RyaW5nUGFyYW1ldGVyIE5hbWU9Il9fZHluIiBWYWx1ZT0iN3dmR2J3S0JXbzJ2d0F3IiBSZWNvcmRlZFZhbHVlPSI3d2ZHYndLQldvMnZ3QXciIENvcnJlbGF0aW9uQmluZGluZz0iIiBVcmxFbmNvZGU9IkZhbHNlIiBVc2VUb0dyb3VwUmVzdWx0cz0iRmFsc2UiIC8+DQogICAgICAgICAgICA8UXVlcnlTdHJpbmdQYXJhbWV0ZXIgTmFtZT0iX19yZXEiIFZhbHVlPSIxIiBSZWNvcmRlZFZhbHVlPSIxIiBDb3JyZWxhdGlvbkJpbmRpbmc9IiIgVXJsRW5jb2RlPSJGYWxzZSIgVXNlVG9Hcm91cFJlc3VsdHM9IkZhbHNlIiAvPg0KICAgICAgICAgICAgPFF1ZXJ5U3RyaW5nUGFyYW1ldGVyIE5hbWU9ImxvY2FsZSIgVmFsdWU9ImVuX1VTIiBSZWNvcmRlZFZhbHVlPSJlbl9VUyIgQ29ycmVsYXRpb25CaW5kaW5nPSIiIFVybEVuY29kZT0iRmFsc2UiIFVzZVRvR3JvdXBSZXN1bHRzPSJGYWxzZSIgLz4NCiAgICAgICAgICAgIDxRdWVyeVN0cmluZ1BhcmFtZXRlciBOYW1lPSJfX3JldiIgVmFsdWU9IjE0OTEyNjciIFJlY29yZGVkVmFsdWU9IjE0OTEyNjciIENvcnJlbGF0aW9uQmluZGluZz0iIiBVcmxFbmNvZGU9IkZhbHNlIiBVc2VUb0dyb3VwUmVzdWx0cz0iRmFsc2UiIC8+DQogICAgICAgICAgPC9RdWVyeVN0cmluZ1BhcmFtZXRlcnM+DQogICAgICAgIDwvUmVxdWVzdD4NCiAgICAgIDwvRGVwZW5kZW50UmVxdWVzdHM+DQogICAgICA8SGVhZGVycz4NCiAgICAgICAgPEhlYWRlciBOYW1lPSJSZWZlcmVyIiBWYWx1ZT0iaHR0cDovL3Rlc3QudGVsZXJpa2FjYWRlbXkuY29tLyIgLz4NCiAgICAgIDwvSGVhZGVycz4NCiAgICAgIDxDb3JyZWxhdGlvbkV4dHJhY3Rpb25SdWxlcz4NCiAgICAgICAgPEV4dHJhY3Rpb25SdWxlIENsYXNzbmFtZT0iTWljcm9zb2Z0LlZpc3VhbFN0dWRpby5UZXN0VG9vbHMuV2ViVGVzdGluZy5SdWxlcy5FeHRyYWN0VGV4dCwgTWljcm9zb2Z0LlZpc3VhbFN0dWRpby5RdWFsaXR5VG9vbHMuV2ViVGVzdEZyYW1ld29yaywgVmVyc2lvbj0xMC4wLjAuMCwgQ3VsdHVyZT1uZXV0cmFsLCBQdWJsaWNLZXlUb2tlbj1iMDNmNWY3ZjExZDUwYTNhIiBWYXJpYWJsZU5hbWU9IlF1ZXJ5U3RyaW5nUGFyYW0xMzQ5LnZlcnNpb24iIERpc3BsYXlOYW1lPSIiIERlc2NyaXB0aW9uPSIiPg0KICAgICAgICAgIDxSdWxlUGFyYW1ldGVycz4NCiAgICAgICAgICAgIDxSdWxlUGFyYW1ldGVyIE5hbWU9IlN0YXJ0c1dpdGgiIFZhbHVlPSI/dmVyc2lvbj0iIC8+DQogICAgICAgICAgICA8UnVsZVBhcmFtZXRlciBOYW1lPSJFbmRzV2l0aCIgVmFsdWU9IiMiIC8+DQogICAgICAgICAgICA8UnVsZVBhcmFtZXRlciBOYW1lPSJJbmRleCIgVmFsdWU9IjAiIC8+DQogICAgICAgICAgICA8UnVsZVBhcmFtZXRlciBOYW1lPSJJZ25vcmVDYXNlIiBWYWx1ZT0iRmFsc2UiIC8+DQogICAgICAgICAgICA8UnVsZVBhcmFtZXRlciBOYW1lPSJVc2VSZWd1bGFyRXhwcmVzc2lvbiIgVmFsdWU9IkZhbHNlIiAvPg0KICAgICAgICAgICAgPFJ1bGVQYXJhbWV0ZXIgTmFtZT0iSHRtbERlY29kZSIgVmFsdWU9IlRydWUiIC8+DQogICAgICAgICAgICA8UnVsZVBhcmFtZXRlciBOYW1lPSJSZXF1aXJlZCIgVmFsdWU9IkZhbHNlIiAvPg0KICAgICAgICAgIDwvUnVsZVBhcmFtZXRlcnM+DQogICAgICAgIDwvRXh0cmFjdGlvblJ1bGU+DQogICAgICAgIDxFeHRyYWN0aW9uUnVsZSBDbGFzc25hbWU9Ik1pY3Jvc29mdC5WaXN1YWxTdHVkaW8uVGVzdFRvb2xzLldlYlRlc3RpbmcuUnVsZXMuRXh0cmFjdFRleHQsIE1pY3Jvc29mdC5WaXN1YWxTdHVkaW8uUXVhbGl0eVRvb2xzLldlYlRlc3RGcmFtZXdvcmssIFZlcnNpb249MTAuMC4wLjAsIEN1bHR1cmU9bmV1dHJhbCwgUHVibGljS2V5VG9rZW49YjAzZjVmN2YxMWQ1MGEzYSIgVmFyaWFibGVOYW1lPSJRdWVyeVN0cmluZ1BhcmFtMTM2MS52ZXJzaW9uIiBEaXNwbGF5TmFtZT0iIiBEZXNjcmlwdGlvbj0iIj4NCiAgICAgICAgICA8UnVsZVBhcmFtZXRlcnM+DQogICAgICAgICAgICA8UnVsZVBhcmFtZXRlciBOYW1lPSJTdGFydHNXaXRoIiBWYWx1ZT0iP3ZlcnNpb249IiAvPg0KICAgICAgICAgICAgPFJ1bGVQYXJhbWV0ZXIgTmFtZT0iRW5kc1dpdGgiIFZhbHVlPSIjIiAvPg0KICAgICAgICAgICAgPFJ1bGVQYXJhbWV0ZXIgTmFtZT0iSW5kZXgiIFZhbHVlPSIwIiAvPg0KICAgICAgICAgICAgPFJ1bGVQYXJhbWV0ZXIgTmFtZT0iSWdub3JlQ2FzZSIgVmFsdWU9IkZhbHNlIiAvPg0KICAgICAgICAgICAgPFJ1bGVQYXJhbWV0ZXIgTmFtZT0iVXNlUmVndWxhckV4cHJlc3Npb24iIFZhbHVlPSJGYWxzZSIgLz4NCiAgICAgICAgICAgIDxSdWxlUGFyYW1ldGVyIE5hbWU9Ikh0bWxEZWNvZGUiIFZhbHVlPSJUcnVlIiAvPg0KICAgICAgICAgICAgPFJ1bGVQYXJhbWV0ZXIgTmFtZT0iUmVxdWlyZWQiIFZhbHVlPSJGYWxzZSIgLz4NCiAgICAgICAgICA8L1J1bGVQYXJhbWV0ZXJzPg0KICAgICAgICA8L0V4dHJhY3Rpb25SdWxlPg0KICAgICAgICA8RXh0cmFjdGlvblJ1bGUgQ2xhc3NuYW1lPSJNaWNyb3NvZnQuVmlzdWFsU3R1ZGlvLlRlc3RUb29scy5XZWJUZXN0aW5nLlJ1bGVzLkV4dHJhY3RUZXh0LCBNaWNyb3NvZnQuVmlzdWFsU3R1ZGlvLlF1YWxpdHlUb29scy5XZWJUZXN0RnJhbWV3b3JrLCBWZXJzaW9uPTEwLjAuMC4wLCBDdWx0dXJlPW5ldXRyYWwsIFB1YmxpY0tleVRva2VuPWIwM2Y1ZjdmMTFkNTBhM2EiIFZhcmlhYmxlTmFtZT0iUXVlcnlTdHJpbmdQYXJhbTE0MTguZG9tYWluIiBEaXNwbGF5TmFtZT0iIiBEZXNjcmlwdGlvbj0iIj4NCiAgICAgICAgICA8UnVsZVBhcmFtZXRlcnM+DQogICAgICAgICAgICA8UnVsZVBhcmFtZXRlciBOYW1lPSJTdGFydHNXaXRoIiBWYWx1ZT0iJmFtcDtkb21haW49IiAvPg0KICAgICAgICAgICAgPFJ1bGVQYXJhbWV0ZXIgTmFtZT0iRW5kc1dpdGgiIFZhbHVlPSImYW1wOyIgLz4NCiAgICAgICAgICAgIDxSdWxlUGFyYW1ldGVyIE5hbWU9IkluZGV4IiBWYWx1ZT0iMCIgLz4NCiAgICAgICAgICAgIDxSdWxlUGFyYW1ldGVyIE5hbWU9Iklnbm9yZUNhc2UiIFZhbHVlPSJGYWxzZSIgLz4NCiAgICAgICAgICAgIDxSdWxlUGFyYW1ldGVyIE5hbWU9IlVzZVJlZ3VsYXJFeHByZXNzaW9uIiBWYWx1ZT0iRmFsc2UiIC8+DQogICAgICAgICAgICA8UnVsZVBhcmFtZXRlciBOYW1lPSJIdG1sRGVjb2RlIiBWYWx1ZT0iVHJ1ZSIgLz4NCiAgICAgICAgICAgIDxSdWxlUGFyYW1ldGVyIE5hbWU9IlJlcXVpcmVkIiBWYWx1ZT0iRmFsc2UiIC8+DQogICAgICAgICAgPC9SdWxlUGFyYW1ldGVycz4NCiAgICAgICAgPC9FeHRyYWN0aW9uUnVsZT4NCiAgICAgIDwvQ29ycmVsYXRpb25FeHRyYWN0aW9uUnVsZXM+DQogICAgICA8UXVlcnlTdHJpbmdQYXJhbWV0ZXJzPg0KICAgICAgICA8UXVlcnlTdHJpbmdQYXJhbWV0ZXIgTmFtZT0iYXBwX2lkIiBWYWx1ZT0iMjQyNjI0Njk5MTc0MzMzIiBSZWNvcmRlZFZhbHVlPSIyNDI2MjQ2OTkxNzQzMzMiIENvcnJlbGF0aW9uQmluZGluZz0iIiBVcmxFbmNvZGU9IkZhbHNlIiBVc2VUb0dyb3VwUmVzdWx0cz0iRmFsc2UiIC8+DQogICAgICAgIDxRdWVyeVN0cmluZ1BhcmFtZXRlciBOYW1lPSJjaGFubmVsIiBWYWx1ZT0iaHR0cCUzQSUyRiUyRnN0YXRpYy5hay5mYWNlYm9vay5jb20lMkZjb25uZWN0JTJGeGRfYXJiaXRlciUyRlFqSzJoV3Y2dWFrLmpzJTNGdmVyc2lvbiUzRDQxJTIzY2IlM0RmMzQxZDZmODNmODk3NiUyNmRvbWFpbiUzRHRlc3QudGVsZXJpa2FjYWRlbXkuY29tJTI2b3JpZ2luJTNEaHR0cCUyNTNBJTI1MkYlMjUyRnRlc3QudGVsZXJpa2FjYWRlbXkuY29tJTI1MkZmYzExMTc1MWQxN2UwYyUyNnJlbGF0aW9uJTNEcGFyZW50LnBhcmVudCIgUmVjb3JkZWRWYWx1ZT0iaHR0cCUzQSUyRiUyRnN0YXRpYy5hay5mYWNlYm9vay5jb20lMkZjb25uZWN0JTJGeGRfYXJiaXRlciUyRlFqSzJoV3Y2dWFrLmpzJTNGdmVyc2lvbiUzRDQxJTIzY2IlM0RmMzQxZDZmODNmODk3NiUyNmRvbWFpbiUzRHRlc3QudGVsZXJpa2FjYWRlbXkuY29tJTI2b3JpZ2luJTNEaHR0cCUyNTNBJTI1MkYlMjUyRnRlc3QudGVsZXJpa2FjYWRlbXkuY29tJTI1MkZmYzExMTc1MWQxN2UwYyUyNnJlbGF0aW9uJTNEcGFyZW50LnBhcmVudCIgQ29ycmVsYXRpb25CaW5kaW5nPSIiIFVybEVuY29kZT0iRmFsc2UiIFVzZVRvR3JvdXBSZXN1bHRzPSJGYWxzZSIgLz4NCiAgICAgICAgPFF1ZXJ5U3RyaW5nUGFyYW1ldGVyIE5hbWU9ImhlYWRlciIgVmFsdWU9InRydWUiIFJlY29yZGVkVmFsdWU9InRydWUiIENvcnJlbGF0aW9uQmluZGluZz0iIiBVcmxFbmNvZGU9IkZhbHNlIiBVc2VUb0dyb3VwUmVzdWx0cz0iRmFsc2UiIC8+DQogICAgICAgIDxRdWVyeVN0cmluZ1BhcmFtZXRlciBOYW1lPSJoZWlnaHQiIFZhbHVlPSI0NjgiIFJlY29yZGVkVmFsdWU9IjQ2OCIgQ29ycmVsYXRpb25CaW5kaW5nPSIiIFVybEVuY29kZT0iRmFsc2UiIFVzZVRvR3JvdXBSZXN1bHRzPSJGYWxzZSIgLz4NCiAgICAgICAgPFF1ZXJ5U3RyaW5nUGFyYW1ldGVyIE5hbWU9ImhyZWYiIFZhbHVlPSJodHRwJTNBJTJGJTJGd3d3LmZhY2Vib29rLmNvbSUyRlRlbGVyaWtBY2FkZW15IiBSZWNvcmRlZFZhbHVlPSJodHRwJTNBJTJGJTJGd3d3LmZhY2Vib29rLmNvbSUyRlRlbGVyaWtBY2FkZW15IiBDb3JyZWxhdGlvbkJpbmRpbmc9IiIgVXJsRW5jb2RlPSJGYWxzZSIgVXNlVG9Hcm91cFJlc3VsdHM9IkZhbHNlIiAvPg0KICAgICAgICA8UXVlcnlTdHJpbmdQYXJhbWV0ZXIgTmFtZT0ibG9jYWxlIiBWYWx1ZT0iZW5fVVMiIFJlY29yZGVkVmFsdWU9ImVuX1VTIiBDb3JyZWxhdGlvbkJpbmRpbmc9IiIgVXJsRW5jb2RlPSJGYWxzZSIgVXNlVG9Hcm91cFJlc3VsdHM9IkZhbHNlIiAvPg0KICAgICAgICA8UXVlcnlTdHJpbmdQYXJhbWV0ZXIgTmFtZT0ic2RrIiBWYWx1ZT0iam9leSIgUmVjb3JkZWRWYWx1ZT0iam9leSIgQ29ycmVsYXRpb25CaW5kaW5nPSIiIFVybEVuY29kZT0iRmFsc2UiIFVzZVRvR3JvdXBSZXN1bHRzPSJGYWxzZSIgLz4NCiAgICAgICAgPFF1ZXJ5U3RyaW5nUGFyYW1ldGVyIE5hbWU9InNob3dfZmFjZXMiIFZhbHVlPSJmYWxzZSIgUmVjb3JkZWRWYWx1ZT0iZmFsc2UiIENvcnJlbGF0aW9uQmluZGluZz0iIiBVcmxFbmNvZGU9IkZhbHNlIiBVc2VUb0dyb3VwUmVzdWx0cz0iRmFsc2UiIC8+DQogICAgICAgIDxRdWVyeVN0cmluZ1BhcmFtZXRlciBOYW1lPSJzdHJlYW0iIFZhbHVlPSJ0cnVlIiBSZWNvcmRlZFZhbHVlPSJ0cnVlIiBDb3JyZWxhdGlvbkJpbmRpbmc9IiIgVXJsRW5jb2RlPSJGYWxzZSIgVXNlVG9Hcm91cFJlc3VsdHM9IkZhbHNlIiAvPg0KICAgICAgICA8UXVlcnlTdHJpbmdQYXJhbWV0ZXIgTmFtZT0id2lkdGgiIFZhbHVlPSI2MjAiIFJlY29yZGVkVmFsdWU9IjYyMCIgQ29ycmVsYXRpb25CaW5kaW5nPSIiIFVybEVuY29kZT0iRmFsc2UiIFVzZVRvR3JvdXBSZXN1bHRzPSJGYWxzZSIgLz4NCiAgICAgIDwvUXVlcnlTdHJpbmdQYXJhbWV0ZXJzPg0KICAgIDwvUmVxdWVzdD4NCiAgICA8UmVxdWVzdCBNZXRob2Q9IkdFVCIgR3VpZD0iZDc2OTczMTQtYjBiYy00MGI1LWI5YjUtNTIxNjMwMjJkMzgxIiBWZXJzaW9uPSIxLjEiIFVybD0iaHR0cDovL3Rlc3QudGVsZXJpa2FjYWRlbXkuY29tL1VzZXJzL0F1dGgvTG9naW4iIFRoaW5rVGltZT0iNSIgVGltZW91dD0iMzAwIiBQYXJzZURlcGVuZGVudFJlcXVlc3RzPSJUcnVlIiBGb2xsb3dSZWRpcmVjdHM9IlRydWUiIFJlY29yZFJlc3VsdD0iVHJ1ZSIgQ2FjaGU9IkZhbHNlIiBSZXNwb25zZVRpbWVHb2FsPSIwIiBFbmNvZGluZz0idXRmLTgiIEV4cGVjdGVkSHR0cFN0YXR1c0NvZGU9IjAiIEV4cGVjdGVkUmVzcG9uc2VVcmw9IiIgUmVwb3J0aW5nTmFtZT0iIiBJZ25vcmVIdHRwU3RhdHVzQ29kZT0iRmFsc2UiPg0KICAgICAgPEhlYWRlcnM+DQogICAgICAgIDxIZWFkZXIgTmFtZT0iUmVmZXJlciIgVmFsdWU9Imh0dHA6Ly90ZXN0LnRlbGVyaWthY2FkZW15LmNvbS8iIC8+DQogICAgICA8L0hlYWRlcnM+DQogICAgPC9SZXF1ZXN0Pg0KICAgIDxSZXF1ZXN0IE1ldGhvZD0iUE9TVCIgR3VpZD0iYjU2NDc1ZWYtMWVkNy00MTVkLWJmYWEtMmZjMWFmOWViM2EwIiBWZXJzaW9uPSIxLjEiIFVybD0iaHR0cDovL3Rlc3QudGVsZXJpa2FjYWRlbXkuY29tL1VzZXJzL0F1dGgvTG9naW4iIFRoaW5rVGltZT0iMSIgVGltZW91dD0iMzAwIiBQYXJzZURlcGVuZGVudFJlcXVlc3RzPSJUcnVlIiBGb2xsb3dSZWRpcmVjdHM9IlRydWUiIFJlY29yZFJlc3VsdD0iVHJ1ZSIgQ2FjaGU9IkZhbHNlIiBSZXNwb25zZVRpbWVHb2FsPSIwIiBFbmNvZGluZz0idXRmLTgiIEV4cGVjdGVkSHR0cFN0YXR1c0NvZGU9IjAiIEV4cGVjdGVkUmVzcG9uc2VVcmw9Imh0dHA6Ly90ZXN0LnRlbGVyaWthY2FkZW15LmNvbS8iIFJlcG9ydGluZ05hbWU9IiIgSWdub3JlSHR0cFN0YXR1c0NvZGU9IkZhbHNlIj4NCiAgICAgIDxIZWFkZXJzPg0KICAgICAgICA8SGVhZGVyIE5hbWU9IlJlZmVyZXIiIFZhbHVlPSJodHRwOi8vdGVzdC50ZWxlcmlrYWNhZGVteS5jb20vVXNlcnMvQXV0aC9Mb2dpbiIgLz4NCiAgICAgIDwvSGVhZGVycz4NCiAgICAgIDxGb3JtUG9zdEh0dHBCb2R5Pg0KICAgICAgICA8Rm9ybVBvc3RQYXJhbWV0ZXIgTmFtZT0iVXNlcm5hbWVPckVtYWlsIiBWYWx1ZT0iRGFuaXRlc3QxIiBSZWNvcmRlZFZhbHVlPSJEYW5pdGVzdDEiIENvcnJlbGF0aW9uQmluZGluZz0iIiBVcmxFbmNvZGU9IlRydWUiIC8+DQogICAgICAgIDxGb3JtUG9zdFBhcmFtZXRlciBOYW1lPSJQYXNzd29yZCIgVmFsdWU9ImRhbml0ZXN0IiBSZWNvcmRlZFZhbHVlPSJkYW5pdGVzdCIgQ29ycmVsYXRpb25CaW5kaW5nPSIiIFVybEVuY29kZT0iVHJ1ZSIgLz4NCiAgICAgIDwvRm9ybVBvc3RIdHRwQm9keT4NCiAgICA8L1JlcXVlc3Q+DQogICAgPFJlcXVlc3QgTWV0aG9kPSJHRVQiIEd1aWQ9ImIyZTA5MTk1LTAyODYtNDIyNS1iYjRlLTcyNDkzZmJlNTY1NiIgVmVyc2lvbj0iMS4xIiBVcmw9Imh0dHA6Ly9zdGF0aWMuYWsuZmFjZWJvb2suY29tL2Nvbm5lY3QveGRfYXJiaXRlci9RaksyaFd2NnVhay5qcyIgVGhpbmtUaW1lPSIwIiBUaW1lb3V0PSIzMDAiIFBhcnNlRGVwZW5kZW50UmVxdWVzdHM9IlRydWUiIEZvbGxvd1JlZGlyZWN0cz0iVHJ1ZSIgUmVjb3JkUmVzdWx0PSJUcnVlIiBDYWNoZT0iRmFsc2UiIFJlc3BvbnNlVGltZUdvYWw9IjAiIEVuY29kaW5nPSJ1dGYtOCIgRXhwZWN0ZWRIdHRwU3RhdHVzQ29kZT0iMCIgRXhwZWN0ZWRSZXNwb25zZVVybD0iaHR0cDovL3N0YXRpYy5hay5mYWNlYm9vay5jb20vY29ubmVjdC94ZF9hcmJpdGVyL1FqSzJoV3Y2dWFrLmpzP3ZlcnNpb249NDEjY2hhbm5lbD1mNGFhZWQ4NmNmYTBlJmFtcDtvcmlnaW49aHR0cCUzQSUyRiUyRnRlc3QudGVsZXJpa2FjYWRlbXkuY29tIiBSZXBvcnRpbmdOYW1lPSIiIElnbm9yZUh0dHBTdGF0dXNDb2RlPSJGYWxzZSI+DQogICAgICA8UXVlcnlTdHJpbmdQYXJhbWV0ZXJzPg0KICAgICAgICA8UXVlcnlTdHJpbmdQYXJhbWV0ZXIgTmFtZT0idmVyc2lvbiIgVmFsdWU9IjQxIiBSZWNvcmRlZFZhbHVlPSI0MSIgQ29ycmVsYXRpb25CaW5kaW5nPSJ7e1F1ZXJ5U3RyaW5nUGFyYW0xMzQ5LnZlcnNpb259fSIgVXJsRW5jb2RlPSJGYWxzZSIgVXNlVG9Hcm91cFJlc3VsdHM9IkZhbHNlIiAvPg0KICAgICAgICA8UXVlcnlTdHJpbmdQYXJhbWV0ZXIgTmFtZT0ib3JpZ2luIiBWYWx1ZT0iaHR0cCUzQSUyRiUyRnRlc3QudGVsZXJpa2FjYWRlbXkuY29tIiBSZWNvcmRlZFZhbHVlPSJodHRwJTNBJTJGJTJGdGVzdC50ZWxlcmlrYWNhZGVteS5jb20iIENvcnJlbGF0aW9uQmluZGluZz0iIiBVcmxFbmNvZGU9IkZhbHNlIiBVc2VUb0dyb3VwUmVzdWx0cz0iRmFsc2UiIC8+DQogICAgICA8L1F1ZXJ5U3RyaW5nUGFyYW1ldGVycz4NCiAgICA8L1JlcXVlc3Q+DQogICAgPFJlcXVlc3QgTWV0aG9kPSJHRVQiIEd1aWQ9ImIwZDAyYjI0LTdiZjYtNGY4MS05MzcyLTFiOTY1NTUzZTkxMyIgVmVyc2lvbj0iMS4xIiBVcmw9Imh0dHBzOi8vcy1zdGF0aWMuYWsuZmFjZWJvb2suY29tL2Nvbm5lY3QveGRfYXJiaXRlci9RaksyaFd2NnVhay5qcyIgVGhpbmtUaW1lPSIwIiBUaW1lb3V0PSIzMDAiIFBhcnNlRGVwZW5kZW50UmVxdWVzdHM9IlRydWUiIEZvbGxvd1JlZGlyZWN0cz0iVHJ1ZSIgUmVjb3JkUmVzdWx0PSJUcnVlIiBDYWNoZT0iRmFsc2UiIFJlc3BvbnNlVGltZUdvYWw9IjAiIEVuY29kaW5nPSJ1dGYtOCIgRXhwZWN0ZWRIdHRwU3RhdHVzQ29kZT0iMCIgRXhwZWN0ZWRSZXNwb25zZVVybD0iaHR0cHM6Ly9zLXN0YXRpYy5hay5mYWNlYm9vay5jb20vY29ubmVjdC94ZF9hcmJpdGVyL1FqSzJoV3Y2dWFrLmpzP3ZlcnNpb249NDEjY2hhbm5lbD1mNGFhZWQ4NmNmYTBlJmFtcDtvcmlnaW49aHR0cCUzQSUyRiUyRnRlc3QudGVsZXJpa2FjYWRlbXkuY29tIiBSZXBvcnRpbmdOYW1lPSIiIElnbm9yZUh0dHBTdGF0dXNDb2RlPSJGYWxzZSI+DQogICAgICA8UXVlcnlTdHJpbmdQYXJhbWV0ZXJzPg0KICAgICAgICA8UXVlcnlTdHJpbmdQYXJhbWV0ZXIgTmFtZT0idmVyc2lvbiIgVmFsdWU9IjQxIiBSZWNvcmRlZFZhbHVlPSI0MSIgQ29ycmVsYXRpb25CaW5kaW5nPSJ7e1F1ZXJ5U3RyaW5nUGFyYW0xMzYxLnZlcnNpb259fSIgVXJsRW5jb2RlPSJGYWxzZSIgVXNlVG9Hcm91cFJlc3VsdHM9IkZhbHNlIiAvPg0KICAgICAgICA8UXVlcnlTdHJpbmdQYXJhbWV0ZXIgTmFtZT0ib3JpZ2luIiBWYWx1ZT0iaHR0cCUzQSUyRiUyRnRlc3QudGVsZXJpa2FjYWRlbXkuY29tIiBSZWNvcmRlZFZhbHVlPSJodHRwJTNBJTJGJTJGdGVzdC50ZWxlcmlrYWNhZGVteS5jb20iIENvcnJlbGF0aW9uQmluZGluZz0iIiBVcmxFbmNvZGU9IkZhbHNlIiBVc2VUb0dyb3VwUmVzdWx0cz0iRmFsc2UiIC8+DQogICAgICA8L1F1ZXJ5U3RyaW5nUGFyYW1ldGVycz4NCiAgICA8L1JlcXVlc3Q+DQogICAgPFJlcXVlc3QgTWV0aG9kPSJHRVQiIEd1aWQ9ImViYTBjMDhmLWY4NTctNDMzNi1iMGUyLTcxOTFlNWU3YWM0ZCIgVmVyc2lvbj0iMS4xIiBVcmw9Imh0dHBzOi8vd3d3LmZhY2Vib29rLmNvbS9jb25uZWN0L3BpbmciIFRoaW5rVGltZT0iMCIgVGltZW91dD0iMzAwIiBQYXJzZURlcGVuZGVudFJlcXVlc3RzPSJUcnVlIiBGb2xsb3dSZWRpcmVjdHM9IlRydWUiIFJlY29yZFJlc3VsdD0iVHJ1ZSIgQ2FjaGU9IkZhbHNlIiBSZXNwb25zZVRpbWVHb2FsPSIwIiBFbmNvZGluZz0idXRmLTgiIEV4cGVjdGVkSHR0cFN0YXR1c0NvZGU9IjAiIEV4cGVjdGVkUmVzcG9uc2VVcmw9IiIgUmVwb3J0aW5nTmFtZT0iIiBJZ25vcmVIdHRwU3RhdHVzQ29kZT0iRmFsc2UiPg0KICAgICAgPEhlYWRlcnM+DQogICAgICAgIDxIZWFkZXIgTmFtZT0iUmVmZXJlciIgVmFsdWU9Imh0dHA6Ly90ZXN0LnRlbGVyaWthY2FkZW15LmNvbS8iIC8+DQogICAgICA8L0hlYWRlcnM+DQogICAgICA8UXVlcnlTdHJpbmdQYXJhbWV0ZXJzPg0KICAgICAgICA8UXVlcnlTdHJpbmdQYXJhbWV0ZXIgTmFtZT0iY2xpZW50X2lkIiBWYWx1ZT0iMjQyNjI0Njk5MTc0MzMzIiBSZWNvcmRlZFZhbHVlPSIyNDI2MjQ2OTkxNzQzMzMiIENvcnJlbGF0aW9uQmluZGluZz0iIiBVcmxFbmNvZGU9IkZhbHNlIiBVc2VUb0dyb3VwUmVzdWx0cz0iRmFsc2UiIC8+DQogICAgICAgIDxRdWVyeVN0cmluZ1BhcmFtZXRlciBOYW1lPSJkb21haW4iIFZhbHVlPSJ0ZXN0LnRlbGVyaWthY2FkZW15LmNvbSIgUmVjb3JkZWRWYWx1ZT0idGVzdC50ZWxlcmlrYWNhZGVteS5jb20iIENvcnJlbGF0aW9uQmluZGluZz0ie3tRdWVyeVN0cmluZ1BhcmFtMTQxOC5kb21haW59fSIgVXJsRW5jb2RlPSJGYWxzZSIgVXNlVG9Hcm91cFJlc3VsdHM9IkZhbHNlIiAvPg0KICAgICAgICA8UXVlcnlTdHJpbmdQYXJhbWV0ZXIgTmFtZT0ib3JpZ2luIiBWYWx1ZT0iMSIgUmVjb3JkZWRWYWx1ZT0iMSIgQ29ycmVsYXRpb25CaW5kaW5nPSIiIFVybEVuY29kZT0iRmFsc2UiIFVzZVRvR3JvdXBSZXN1bHRzPSJGYWxzZSIgLz4NCiAgICAgICAgPFF1ZXJ5U3RyaW5nUGFyYW1ldGVyIE5hbWU9InJlZGlyZWN0X3VyaSIgVmFsdWU9Imh0dHAlM0ElMkYlMkZzdGF0aWMuYWsuZmFjZWJvb2suY29tJTJGY29ubmVjdCUyRnhkX2FyYml0ZXIlMkZRaksyaFd2NnVhay5qcyUzRnZlcnNpb24lM0Q0MSUyM2NiJTNEZjFjMGJjMDU2ZWE2MmRkJTI2ZG9tYWluJTNEdGVzdC50ZWxlcmlrYWNhZGVteS5jb20lMjZvcmlnaW4lM0RodHRwJTI1M0ElMjUyRiUyNTJGdGVzdC50ZWxlcmlrYWNhZGVteS5jb20lMjUyRmY0YWFlZDg2Y2ZhMGUlMjZyZWxhdGlvbiUzRHBhcmVudCIgUmVjb3JkZWRWYWx1ZT0iaHR0cCUzQSUyRiUyRnN0YXRpYy5hay5mYWNlYm9vay5jb20lMkZjb25uZWN0JTJGeGRfYXJiaXRlciUyRlFqSzJoV3Y2dWFrLmpzJTNGdmVyc2lvbiUzRDQxJTIzY2IlM0RmMWMwYmMwNTZlYTYyZGQlMjZkb21haW4lM0R0ZXN0LnRlbGVyaWthY2FkZW15LmNvbSUyNm9yaWdpbiUzRGh0dHAlMjUzQSUyNTJGJTI1MkZ0ZXN0LnRlbGVyaWthY2FkZW15LmNvbSUyNTJGZjRhYWVkODZjZmEwZSUyNnJlbGF0aW9uJTNEcGFyZW50IiBDb3JyZWxhdGlvbkJpbmRpbmc9IiIgVXJsRW5jb2RlPSJGYWxzZSIgVXNlVG9Hcm91cFJlc3VsdHM9IkZhbHNlIiAvPg0KICAgICAgICA8UXVlcnlTdHJpbmdQYXJhbWV0ZXIgTmFtZT0icmVzcG9uc2VfdHlwZSIgVmFsdWU9InRva2VuJTJDc2lnbmVkX3JlcXVlc3QlMkNjb2RlIiBSZWNvcmRlZFZhbHVlPSJ0b2tlbiUyQ3NpZ25lZF9yZXF1ZXN0JTJDY29kZSIgQ29ycmVsYXRpb25CaW5kaW5nPSIiIFVybEVuY29kZT0iRmFsc2UiIFVzZVRvR3JvdXBSZXN1bHRzPSJGYWxzZSIgLz4NCiAgICAgICAgPFF1ZXJ5U3RyaW5nUGFyYW1ldGVyIE5hbWU9InNkayIgVmFsdWU9ImpvZXkiIFJlY29yZGVkVmFsdWU9ImpvZXkiIENvcnJlbGF0aW9uQmluZGluZz0iIiBVcmxFbmNvZGU9IkZhbHNlIiBVc2VUb0dyb3VwUmVzdWx0cz0iRmFsc2UiIC8+DQogICAgICA8L1F1ZXJ5U3RyaW5nUGFyYW1ldGVycz4NCiAgICA8L1JlcXVlc3Q+DQogICAgPFJlcXVlc3QgTWV0aG9kPSJHRVQiIEd1aWQ9ImUyNDI3MTMzLTE5MDItNDQyNy1hMTdlLTM2YmZlMGQ3NjZlOCIgVmVyc2lvbj0iMS4xIiBVcmw9Imh0dHA6Ly93d3cuZmFjZWJvb2suY29tL3BsdWdpbnMvbGlrZV9ib3gucGhwIiBUaGlua1RpbWU9IjAiIFRpbWVvdXQ9IjMwMCIgUGFyc2VEZXBlbmRlbnRSZXF1ZXN0cz0iVHJ1ZSIgRm9sbG93UmVkaXJlY3RzPSJUcnVlIiBSZWNvcmRSZXN1bHQ9IlRydWUiIENhY2hlPSJGYWxzZSIgUmVzcG9uc2VUaW1lR29hbD0iMCIgRW5jb2Rpbmc9InV0Zi04IiBFeHBlY3RlZEh0dHBTdGF0dXNDb2RlPSIwIiBFeHBlY3RlZFJlc3BvbnNlVXJsPSJodHRwczovL3d3dy5mYWNlYm9vay5jb20vcGx1Z2lucy9saWtlX2JveC5waHA/YXBwX2lkPTI0MjYyNDY5OTE3NDMzMyZhbXA7Y2hhbm5lbD1odHRwJTNBJTJGJTJGc3RhdGljLmFrLmZhY2Vib29rLmNvbSUyRmNvbm5lY3QlMkZ4ZF9hcmJpdGVyJTJGUWpLMmhXdjZ1YWsuanMlM0Z2ZXJzaW9uJTNENDElMjNjYiUzRGYxY2ZiNzFkNGEwZjIzNCUyNmRvbWFpbiUzRHRlc3QudGVsZXJpa2FjYWRlbXkuY29tJTI2b3JpZ2luJTNEaHR0cCUyNTNBJTI1MkYlMjUyRnRlc3QudGVsZXJpa2FjYWRlbXkuY29tJTI1MkZmNGFhZWQ4NmNmYTBlJTI2cmVsYXRpb24lM0RwYXJlbnQucGFyZW50JmFtcDtoZWFkZXI9dHJ1ZSZhbXA7aGVpZ2h0PTQ2OCZhbXA7aHJlZj1odHRwJTNBJTJGJTJGd3d3LmZhY2Vib29rLmNvbSUyRlRlbGVyaWtBY2FkZW15JmFtcDtsb2NhbGU9ZW5fVVMmYW1wO3Nkaz1qb2V5JmFtcDtzaG93X2ZhY2VzPWZhbHNlJmFtcDtzdHJlYW09dHJ1ZSZhbXA7d2lkdGg9NjIwIiBSZXBvcnRpbmdOYW1lPSIiIElnbm9yZUh0dHBTdGF0dXNDb2RlPSJGYWxzZSI+DQogICAgICA8RGVwZW5kZW50UmVxdWVzdHM+DQogICAgICAgIDxSZXF1ZXN0IE1ldGhvZD0iR0VUIiBHdWlkPSJmOTdjOWNhNi02N2VlLTRjMTAtODE2ZS1mYWM2NmM5Zjk5YWEiIFZlcnNpb249IjEuMSIgVXJsPSJodHRwczovL3d3dy5mYWNlYm9vay5jb20vcGx1Z2lucy9saWtlYm94L3N0cmVhbSIgVGhpbmtUaW1lPSIyIiBUaW1lb3V0PSIzMDAiIFBhcnNlRGVwZW5kZW50UmVxdWVzdHM9IlRydWUiIEZvbGxvd1JlZGlyZWN0cz0iVHJ1ZSIgUmVjb3JkUmVzdWx0PSJUcnVlIiBDYWNoZT0iRmFsc2UiIFJlc3BvbnNlVGltZUdvYWw9IjAiIEVuY29kaW5nPSJ1dGYtOCIgRXhwZWN0ZWRIdHRwU3RhdHVzQ29kZT0iMCIgRXhwZWN0ZWRSZXNwb25zZVVybD0iIiBSZXBvcnRpbmdOYW1lPSIiIElnbm9yZUh0dHBTdGF0dXNDb2RlPSJGYWxzZSI+DQogICAgICAgICAgPEhlYWRlcnM+DQogICAgICAgICAgICA8SGVhZGVyIE5hbWU9IlJlZmVyZXIiIFZhbHVlPSJodHRwczovL3d3dy5mYWNlYm9vay5jb20vcGx1Z2lucy9saWtlX2JveC5waHA/YXBwX2lkPTI0MjYyNDY5OTE3NDMzMyZhbXA7Y2hhbm5lbD1odHRwJTNBJTJGJTJGc3RhdGljLmFrLmZhY2Vib29rLmNvbSUyRmNvbm5lY3QlMkZ4ZF9hcmJpdGVyJTJGUWpLMmhXdjZ1YWsuanMlM0Z2ZXJzaW9uJTNENDElMjNjYiUzRGYxY2ZiNzFkNGEwZjIzNCUyNmRvbWFpbiUzRHRlc3QudGVsZXJpa2FjYWRlbXkuY29tJTI2b3JpZ2luJTNEaHR0cCUyNTNBJTI1MkYlMjUyRnRlc3QudGVsZXJpa2FjYWRlbXkuY29tJTI1MkZmNGFhZWQ4NmNmYTBlJTI2cmVsYXRpb24lM0RwYXJlbnQucGFyZW50JmFtcDtoZWFkZXI9dHJ1ZSZhbXA7aGVpZ2h0PTQ2OCZhbXA7aHJlZj1odHRwJTNBJTJGJTJGd3d3LmZhY2Vib29rLmNvbSUyRlRlbGVyaWtBY2FkZW15JmFtcDtsb2NhbGU9ZW5fVVMmYW1wO3Nkaz1qb2V5JmFtcDtzaG93X2ZhY2VzPWZhbHNlJmFtcDtzdHJlYW09dHJ1ZSZhbXA7d2lkdGg9NjIwIiAvPg0KICAgICAgICAgIDwvSGVhZGVycz4NCiAgICAgICAgICA8UXVlcnlTdHJpbmdQYXJhbWV0ZXJzPg0KICAgICAgICAgICAgPFF1ZXJ5U3RyaW5nUGFyYW1ldGVyIE5hbWU9ImlkIiBWYWx1ZT0iMjQ3ODM4NzcxOTA5MDgxIiBSZWNvcmRlZFZhbHVlPSIyNDc4Mzg3NzE5MDkwODEiIENvcnJlbGF0aW9uQmluZGluZz0iIiBVcmxFbmNvZGU9IkZhbHNlIiBVc2VUb0dyb3VwUmVzdWx0cz0iRmFsc2UiIC8+DQogICAgICAgICAgICA8UXVlcnlTdHJpbmdQYXJhbWV0ZXIgTmFtZT0iZG9tIiBWYWx1ZT0icGx1Z2luTGlrZWJveFN0cmVhbSIgUmVjb3JkZWRWYWx1ZT0icGx1Z2luTGlrZWJveFN0cmVhbSIgQ29ycmVsYXRpb25CaW5kaW5nPSIiIFVybEVuY29kZT0iRmFsc2UiIFVzZVRvR3JvdXBSZXN1bHRzPSJGYWxzZSIgLz4NCiAgICAgICAgICAgIDxRdWVyeVN0cmluZ1BhcmFtZXRlciBOYW1lPSJmb3JjZV93YWxsIiBWYWx1ZT0iZmFsc2UiIFJlY29yZGVkVmFsdWU9ImZhbHNlIiBDb3JyZWxhdGlvbkJpbmRpbmc9IiIgVXJsRW5jb2RlPSJGYWxzZSIgVXNlVG9Hcm91cFJlc3VsdHM9IkZhbHNlIiAvPg0KICAgICAgICAgICAgPFF1ZXJ5U3RyaW5nUGFyYW1ldGVyIE5hbWU9Im5vYm9vdGxvYWQiIFZhbHVlPSIxIiBSZWNvcmRlZFZhbHVlPSIxIiBDb3JyZWxhdGlvbkJpbmRpbmc9IiIgVXJsRW5jb2RlPSJGYWxzZSIgVXNlVG9Hcm91cFJlc3VsdHM9IkZhbHNlIiAvPg0KICAgICAgICAgICAgPFF1ZXJ5U3RyaW5nUGFyYW1ldGVyIE5hbWU9ImlubGluZWNzcyIgVmFsdWU9IjEiIFJlY29yZGVkVmFsdWU9IjEiIENvcnJlbGF0aW9uQmluZGluZz0iIiBVcmxFbmNvZGU9IkZhbHNlIiBVc2VUb0dyb3VwUmVzdWx0cz0iRmFsc2UiIC8+DQogICAgICAgICAgICA8UXVlcnlTdHJpbmdQYXJhbWV0ZXIgTmFtZT0id2lkdGgiIFZhbHVlPSI2MjAiIFJlY29yZGVkVmFsdWU9IjYyMCIgQ29ycmVsYXRpb25CaW5kaW5nPSIiIFVybEVuY29kZT0iRmFsc2UiIFVzZVRvR3JvdXBSZXN1bHRzPSJGYWxzZSIgLz4NCiAgICAgICAgICAgIDxRdWVyeVN0cmluZ1BhcmFtZXRlciBOYW1lPSJfX3VzZXIiIFZhbHVlPSIwIiBSZWNvcmRlZFZhbHVlPSIwIiBDb3JyZWxhdGlvbkJpbmRpbmc9IiIgVXJsRW5jb2RlPSJGYWxzZSIgVXNlVG9Hcm91cFJlc3VsdHM9IkZhbHNlIiAvPg0KICAgICAgICAgICAgPFF1ZXJ5U3RyaW5nUGFyYW1ldGVyIE5hbWU9Il9fYSIgVmFsdWU9IjEiIFJlY29yZGVkVmFsdWU9IjEiIENvcnJlbGF0aW9uQmluZGluZz0iIiBVcmxFbmNvZGU9IkZhbHNlIiBVc2VUb0dyb3VwUmVzdWx0cz0iRmFsc2UiIC8+DQogICAgICAgICAgICA8UXVlcnlTdHJpbmdQYXJhbWV0ZXIgTmFtZT0iX19keW4iIFZhbHVlPSI3d2ZHYndLQldvMnZ3QXciIFJlY29yZGVkVmFsdWU9Ijd3Zkdid0tCV28ydndBdyIgQ29ycmVsYXRpb25CaW5kaW5nPSIiIFVybEVuY29kZT0iRmFsc2UiIFVzZVRvR3JvdXBSZXN1bHRzPSJGYWxzZSIgLz4NCiAgICAgICAgICAgIDxRdWVyeVN0cmluZ1BhcmFtZXRlciBOYW1lPSJfX3JlcSIgVmFsdWU9IjEiIFJlY29yZGVkVmFsdWU9IjEiIENvcnJlbGF0aW9uQmluZGluZz0iIiBVcmxFbmNvZGU9IkZhbHNlIiBVc2VUb0dyb3VwUmVzdWx0cz0iRmFsc2UiIC8+DQogICAgICAgICAgICA8UXVlcnlTdHJpbmdQYXJhbWV0ZXIgTmFtZT0ibG9jYWxlIiBWYWx1ZT0iZW5fVVMiIFJlY29yZGVkVmFsdWU9ImVuX1VTIiBDb3JyZWxhdGlvbkJpbmRpbmc9IiIgVXJsRW5jb2RlPSJGYWxzZSIgVXNlVG9Hcm91cFJlc3VsdHM9IkZhbHNlIiAvPg0KICAgICAgICAgICAgPFF1ZXJ5U3RyaW5nUGFyYW1ldGVyIE5hbWU9Il9fcmV2IiBWYWx1ZT0iMTQ5MTI2NyIgUmVjb3JkZWRWYWx1ZT0iMTQ5MTI2NyIgQ29ycmVsYXRpb25CaW5kaW5nPSIiIFVybEVuY29kZT0iRmFsc2UiIFVzZVRvR3JvdXBSZXN1bHRzPSJGYWxzZSIgLz4NCiAgICAgICAgICA8L1F1ZXJ5U3RyaW5nUGFyYW1ldGVycz4NCiAgICAgICAgPC9SZXF1ZXN0Pg0KICAgICAgPC9EZXBlbmRlbnRSZXF1ZXN0cz4NCiAgICAgIDxIZWFkZXJzPg0KICAgICAgICA8SGVhZGVyIE5hbWU9IlJlZmVyZXIiIFZhbHVlPSJodHRwOi8vdGVzdC50ZWxlcmlrYWNhZGVteS5jb20vIiAvPg0KICAgICAgPC9IZWFkZXJzPg0KICAgICAgPENvcnJlbGF0aW9uRXh0cmFjdGlvblJ1bGVzPg0KICAgICAgICA8RXh0cmFjdGlvblJ1bGUgQ2xhc3NuYW1lPSJNaWNyb3NvZnQuVmlzdWFsU3R1ZGlvLlRlc3RUb29scy5XZWJUZXN0aW5nLlJ1bGVzLkV4dHJhY3RUZXh0LCBNaWNyb3NvZnQuVmlzdWFsU3R1ZGlvLlF1YWxpdHlUb29scy5XZWJUZXN0RnJhbWV3b3JrLCBWZXJzaW9uPTEwLjAuMC4wLCBDdWx0dXJlPW5ldXRyYWwsIFB1YmxpY0tleVRva2VuPWIwM2Y1ZjdmMTFkNTBhM2EiIFZhcmlhYmxlTmFtZT0iUXVlcnlTdHJpbmdQYXJhbTE4MzAuZG9tYWluIiBEaXNwbGF5TmFtZT0iIiBEZXNjcmlwdGlvbj0iIj4NCiAgICAgICAgICA8UnVsZVBhcmFtZXRlcnM+DQogICAgICAgICAgICA8UnVsZVBhcmFtZXRlciBOYW1lPSJTdGFydHNXaXRoIiBWYWx1ZT0iJmFtcDtkb21haW49IiAvPg0KICAgICAgICAgICAgPFJ1bGVQYXJhbWV0ZXIgTmFtZT0iRW5kc1dpdGgiIFZhbHVlPSImYW1wOyIgLz4NCiAgICAgICAgICAgIDxSdWxlUGFyYW1ldGVyIE5hbWU9IkluZGV4IiBWYWx1ZT0iMCIgLz4NCiAgICAgICAgICAgIDxSdWxlUGFyYW1ldGVyIE5hbWU9Iklnbm9yZUNhc2UiIFZhbHVlPSJGYWxzZSIgLz4NCiAgICAgICAgICAgIDxSdWxlUGFyYW1ldGVyIE5hbWU9IlVzZVJlZ3VsYXJFeHByZXNzaW9uIiBWYWx1ZT0iRmFsc2UiIC8+DQogICAgICAgICAgICA8UnVsZVBhcmFtZXRlciBOYW1lPSJIdG1sRGVjb2RlIiBWYWx1ZT0iVHJ1ZSIgLz4NCiAgICAgICAgICAgIDxSdWxlUGFyYW1ldGVyIE5hbWU9IlJlcXVpcmVkIiBWYWx1ZT0iRmFsc2UiIC8+DQogICAgICAgICAgPC9SdWxlUGFyYW1ldGVycz4NCiAgICAgICAgPC9FeHRyYWN0aW9uUnVsZT4NCiAgICAgIDwvQ29ycmVsYXRpb25FeHRyYWN0aW9uUnVsZXM+DQogICAgICA8UXVlcnlTdHJpbmdQYXJhbWV0ZXJzPg0KICAgICAgICA8UXVlcnlTdHJpbmdQYXJhbWV0ZXIgTmFtZT0iYXBwX2lkIiBWYWx1ZT0iMjQyNjI0Njk5MTc0MzMzIiBSZWNvcmRlZFZhbHVlPSIyNDI2MjQ2OTkxNzQzMzMiIENvcnJlbGF0aW9uQmluZGluZz0iIiBVcmxFbmNvZGU9IkZhbHNlIiBVc2VUb0dyb3VwUmVzdWx0cz0iRmFsc2UiIC8+DQogICAgICAgIDxRdWVyeVN0cmluZ1BhcmFtZXRlciBOYW1lPSJjaGFubmVsIiBWYWx1ZT0iaHR0cCUzQSUyRiUyRnN0YXRpYy5hay5mYWNlYm9vay5jb20lMkZjb25uZWN0JTJGeGRfYXJiaXRlciUyRlFqSzJoV3Y2dWFrLmpzJTNGdmVyc2lvbiUzRDQxJTIzY2IlM0RmMWNmYjcxZDRhMGYyMzQlMjZkb21haW4lM0R0ZXN0LnRlbGVyaWthY2FkZW15LmNvbSUyNm9yaWdpbiUzRGh0dHAlMjUzQSUyNTJGJTI1MkZ0ZXN0LnRlbGVyaWthY2FkZW15LmNvbSUyNTJGZjRhYWVkODZjZmEwZSUyNnJlbGF0aW9uJTNEcGFyZW50LnBhcmVudCIgUmVjb3JkZWRWYWx1ZT0iaHR0cCUzQSUyRiUyRnN0YXRpYy5hay5mYWNlYm9vay5jb20lMkZjb25uZWN0JTJGeGRfYXJiaXRlciUyRlFqSzJoV3Y2dWFrLmpzJTNGdmVyc2lvbiUzRDQxJTIzY2IlM0RmMWNmYjcxZDRhMGYyMzQlMjZkb21haW4lM0R0ZXN0LnRlbGVyaWthY2FkZW15LmNvbSUyNm9yaWdpbiUzRGh0dHAlMjUzQSUyNTJGJTI1MkZ0ZXN0LnRlbGVyaWthY2FkZW15LmNvbSUyNTJGZjRhYWVkODZjZmEwZSUyNnJlbGF0aW9uJTNEcGFyZW50LnBhcmVudCIgQ29ycmVsYXRpb25CaW5kaW5nPSIiIFVybEVuY29kZT0iRmFsc2UiIFVzZVRvR3JvdXBSZXN1bHRzPSJGYWxzZSIgLz4NCiAgICAgICAgPFF1ZXJ5U3RyaW5nUGFyYW1ldGVyIE5hbWU9ImhlYWRlciIgVmFsdWU9InRydWUiIFJlY29yZGVkVmFsdWU9InRydWUiIENvcnJlbGF0aW9uQmluZGluZz0iIiBVcmxFbmNvZGU9IkZhbHNlIiBVc2VUb0dyb3VwUmVzdWx0cz0iRmFsc2UiIC8+DQogICAgICAgIDxRdWVyeVN0cmluZ1BhcmFtZXRlciBOYW1lPSJoZWlnaHQiIFZhbHVlPSI0NjgiIFJlY29yZGVkVmFsdWU9IjQ2OCIgQ29ycmVsYXRpb25CaW5kaW5nPSIiIFVybEVuY29kZT0iRmFsc2UiIFVzZVRvR3JvdXBSZXN1bHRzPSJGYWxzZSIgLz4NCiAgICAgICAgPFF1ZXJ5U3RyaW5nUGFyYW1ldGVyIE5hbWU9ImhyZWYiIFZhbHVlPSJodHRwJTNBJTJGJTJGd3d3LmZhY2Vib29rLmNvbSUyRlRlbGVyaWtBY2FkZW15IiBSZWNvcmRlZFZhbHVlPSJodHRwJTNBJTJGJTJGd3d3LmZhY2Vib29rLmNvbSUyRlRlbGVyaWtBY2FkZW15IiBDb3JyZWxhdGlvbkJpbmRpbmc9IiIgVXJsRW5jb2RlPSJGYWxzZSIgVXNlVG9Hcm91cFJlc3VsdHM9IkZhbHNlIiAvPg0KICAgICAgICA8UXVlcnlTdHJpbmdQYXJhbWV0ZXIgTmFtZT0ibG9jYWxlIiBWYWx1ZT0iZW5fVVMiIFJlY29yZGVkVmFsdWU9ImVuX1VTIiBDb3JyZWxhdGlvbkJpbmRpbmc9IiIgVXJsRW5jb2RlPSJGYWxzZSIgVXNlVG9Hcm91cFJlc3VsdHM9IkZhbHNlIiAvPg0KICAgICAgICA8UXVlcnlTdHJpbmdQYXJhbWV0ZXIgTmFtZT0ic2RrIiBWYWx1ZT0iam9leSIgUmVjb3JkZWRWYWx1ZT0iam9leSIgQ29ycmVsYXRpb25CaW5kaW5nPSIiIFVybEVuY29kZT0iRmFsc2UiIFVzZVRvR3JvdXBSZXN1bHRzPSJGYWxzZSIgLz4NCiAgICAgICAgPFF1ZXJ5U3RyaW5nUGFyYW1ldGVyIE5hbWU9InNob3dfZmFjZXMiIFZhbHVlPSJmYWxzZSIgUmVjb3JkZWRWYWx1ZT0iZmFsc2UiIENvcnJlbGF0aW9uQmluZGluZz0iIiBVcmxFbmNvZGU9IkZhbHNlIiBVc2VUb0dyb3VwUmVzdWx0cz0iRmFsc2UiIC8+DQogICAgICAgIDxRdWVyeVN0cmluZ1BhcmFtZXRlciBOYW1lPSJzdHJlYW0iIFZhbHVlPSJ0cnVlIiBSZWNvcmRlZFZhbHVlPSJ0cnVlIiBDb3JyZWxhdGlvbkJpbmRpbmc9IiIgVXJsRW5jb2RlPSJGYWxzZSIgVXNlVG9Hcm91cFJlc3VsdHM9IkZhbHNlIiAvPg0KICAgICAgICA8UXVlcnlTdHJpbmdQYXJhbWV0ZXIgTmFtZT0id2lkdGgiIFZhbHVlPSI2MjAiIFJlY29yZGVkVmFsdWU9IjYyMCIgQ29ycmVsYXRpb25CaW5kaW5nPSIiIFVybEVuY29kZT0iRmFsc2UiIFVzZVRvR3JvdXBSZXN1bHRzPSJGYWxzZSIgLz4NCiAgICAgIDwvUXVlcnlTdHJpbmdQYXJhbWV0ZXJzPg0KICAgIDwvUmVxdWVzdD4NCiAgICA8UmVxdWVzdCBNZXRob2Q9IkdFVCIgR3VpZD0iNjMxMGNlOWUtZTBiMy00YTUzLTljYmItYWQ1ZGYwNDViMTlkIiBWZXJzaW9uPSIxLjEiIFVybD0iaHR0cDovL3Rlc3QudGVsZXJpa2FjYWRlbXkuY29tL1NvZnR3YXJlQWNhZGVteS9DYW5kaWRhdGUiIFRoaW5rVGltZT0iMiIgVGltZW91dD0iMzAwIiBQYXJzZURlcGVuZGVudFJlcXVlc3RzPSJUcnVlIiBGb2xsb3dSZWRpcmVjdHM9IlRydWUiIFJlY29yZFJlc3VsdD0iVHJ1ZSIgQ2FjaGU9IkZhbHNlIiBSZXNwb25zZVRpbWVHb2FsPSIwIiBFbmNvZGluZz0idXRmLTgiIEV4cGVjdGVkSHR0cFN0YXR1c0NvZGU9IjAiIEV4cGVjdGVkUmVzcG9uc2VVcmw9IiIgUmVwb3J0aW5nTmFtZT0iIiBJZ25vcmVIdHRwU3RhdHVzQ29kZT0iRmFsc2UiPg0KICAgICAgPEhlYWRlcnM+DQogICAgICAgIDxIZWFkZXIgTmFtZT0iUmVmZXJlciIgVmFsdWU9Imh0dHA6Ly90ZXN0LnRlbGVyaWthY2FkZW15LmNvbS8iIC8+DQogICAgICA8L0hlYWRlcnM+DQogICAgPC9SZXF1ZXN0Pg0KICAgIDxSZXF1ZXN0IE1ldGhvZD0iR0VUIiBHdWlkPSI2N2Q0ZTNiOS0wYjM5LTRkYzctYmU5ZC0zYmY3MzA3NWY2MTIiIFZlcnNpb249IjEuMSIgVXJsPSJodHRwOi8vdGVzdC50ZWxlcmlrYWNhZGVteS5jb20vVXNlcnMvQXV0aC9Mb2dPdXQiIFRoaW5rVGltZT0iMCIgVGltZW91dD0iMzAwIiBQYXJzZURlcGVuZGVudFJlcXVlc3RzPSJUcnVlIiBGb2xsb3dSZWRpcmVjdHM9IlRydWUiIFJlY29yZFJlc3VsdD0iVHJ1ZSIgQ2FjaGU9IkZhbHNlIiBSZXNwb25zZVRpbWVHb2FsPSIwIiBFbmNvZGluZz0idXRmLTgiIEV4cGVjdGVkSHR0cFN0YXR1c0NvZGU9IjAiIEV4cGVjdGVkUmVzcG9uc2VVcmw9Imh0dHA6Ly90ZXN0LnRlbGVyaWthY2FkZW15LmNvbS8iIFJlcG9ydGluZ05hbWU9IiIgSWdub3JlSHR0cFN0YXR1c0NvZGU9IkZhbHNlIj4NCiAgICAgIDxIZWFkZXJzPg0KICAgICAgICA8SGVhZGVyIE5hbWU9IlJlZmVyZXIiIFZhbHVlPSJodHRwOi8vdGVzdC50ZWxlcmlrYWNhZGVteS5jb20vU29mdHdhcmVBY2FkZW15L0NhbmRpZGF0ZSIgLz4NCiAgICAgIDwvSGVhZGVycz4NCiAgICA8L1JlcXVlc3Q+DQogICAgPFJlcXVlc3QgTWV0aG9kPSJHRVQiIEd1aWQ9IjIxZjg4ZWVmLTM4MTItNDVlNy1iMGZmLWVhNzhhNzcwMDQ4YyIgVmVyc2lvbj0iMS4xIiBVcmw9Imh0dHBzOi8vd3d3LmZhY2Vib29rLmNvbS9jb25uZWN0L3BpbmciIFRoaW5rVGltZT0iMCIgVGltZW91dD0iMzAwIiBQYXJzZURlcGVuZGVudFJlcXVlc3RzPSJUcnVlIiBGb2xsb3dSZWRpcmVjdHM9IlRydWUiIFJlY29yZFJlc3VsdD0iVHJ1ZSIgQ2FjaGU9IkZhbHNlIiBSZXNwb25zZVRpbWVHb2FsPSIwIiBFbmNvZGluZz0idXRmLTgiIEV4cGVjdGVkSHR0cFN0YXR1c0NvZGU9IjAiIEV4cGVjdGVkUmVzcG9uc2VVcmw9IiIgUmVwb3J0aW5nTmFtZT0iIiBJZ25vcmVIdHRwU3RhdHVzQ29kZT0iRmFsc2UiPg0KICAgICAgPEhlYWRlcnM+DQogICAgICAgIDxIZWFkZXIgTmFtZT0iUmVmZXJlciIgVmFsdWU9Imh0dHA6Ly90ZXN0LnRlbGVyaWthY2FkZW15LmNvbS8iIC8+DQogICAgICA8L0hlYWRlcnM+DQogICAgICA8UXVlcnlTdHJpbmdQYXJhbWV0ZXJzPg0KICAgICAgICA8UXVlcnlTdHJpbmdQYXJhbWV0ZXIgTmFtZT0iY2xpZW50X2lkIiBWYWx1ZT0iMjQyNjI0Njk5MTc0MzMzIiBSZWNvcmRlZFZhbHVlPSIyNDI2MjQ2OTkxNzQzMzMiIENvcnJlbGF0aW9uQmluZGluZz0iIiBVcmxFbmNvZGU9IkZhbHNlIiBVc2VUb0dyb3VwUmVzdWx0cz0iRmFsc2UiIC8+DQogICAgICAgIDxRdWVyeVN0cmluZ1BhcmFtZXRlciBOYW1lPSJkb21haW4iIFZhbHVlPSJ0ZXN0LnRlbGVyaWthY2FkZW15LmNvbSIgUmVjb3JkZWRWYWx1ZT0idGVzdC50ZWxlcmlrYWNhZGVteS5jb20iIENvcnJlbGF0aW9uQmluZGluZz0ie3tRdWVyeVN0cmluZ1BhcmFtMTgzMC5kb21haW59fSIgVXJsRW5jb2RlPSJGYWxzZSIgVXNlVG9Hcm91cFJlc3VsdHM9IkZhbHNlIiAvPg0KICAgICAgICA8UXVlcnlTdHJpbmdQYXJhbWV0ZXIgTmFtZT0ib3JpZ2luIiBWYWx1ZT0iMSIgUmVjb3JkZWRWYWx1ZT0iMSIgQ29ycmVsYXRpb25CaW5kaW5nPSIiIFVybEVuY29kZT0iRmFsc2UiIFVzZVRvR3JvdXBSZXN1bHRzPSJGYWxzZSIgLz4NCiAgICAgICAgPFF1ZXJ5U3RyaW5nUGFyYW1ldGVyIE5hbWU9InJlZGlyZWN0X3VyaSIgVmFsdWU9Imh0dHAlM0ElMkYlMkZzdGF0aWMuYWsuZmFjZWJvb2suY29tJTJGY29ubmVjdCUyRnhkX2FyYml0ZXIlMkZRaksyaFd2NnVhay5qcyUzRnZlcnNpb24lM0Q0MSUyM2NiJTNEZjEwYWVlMmQ0ZGRlMDllJTI2ZG9tYWluJTNEdGVzdC50ZWxlcmlrYWNhZGVteS5jb20lMjZvcmlnaW4lM0RodHRwJTI1M0ElMjUyRiUyNTJGdGVzdC50ZWxlcmlrYWNhZGVteS5jb20lMjUyRmZkMmZjZmZmNzM1MjAyJTI2cmVsYXRpb24lM0RwYXJlbnQiIFJlY29yZGVkVmFsdWU9Imh0dHAlM0ElMkYlMkZzdGF0aWMuYWsuZmFjZWJvb2suY29tJTJGY29ubmVjdCUyRnhkX2FyYml0ZXIlMkZRaksyaFd2NnVhay5qcyUzRnZlcnNpb24lM0Q0MSUyM2NiJTNEZjEwYWVlMmQ0ZGRlMDllJTI2ZG9tYWluJTNEdGVzdC50ZWxlcmlrYWNhZGVteS5jb20lMjZvcmlnaW4lM0RodHRwJTI1M0ElMjUyRiUyNTJGdGVzdC50ZWxlcmlrYWNhZGVteS5jb20lMjUyRmZkMmZjZmZmNzM1MjAyJTI2cmVsYXRpb24lM0RwYXJlbnQiIENvcnJlbGF0aW9uQmluZGluZz0iIiBVcmxFbmNvZGU9IkZhbHNlIiBVc2VUb0dyb3VwUmVzdWx0cz0iRmFsc2UiIC8+DQogICAgICAgIDxRdWVyeVN0cmluZ1BhcmFtZXRlciBOYW1lPSJyZXNwb25zZV90eXBlIiBWYWx1ZT0idG9rZW4lMkNzaWduZWRfcmVxdWVzdCUyQ2NvZGUiIFJlY29yZGVkVmFsdWU9InRva2VuJTJDc2lnbmVkX3JlcXVlc3QlMkNjb2RlIiBDb3JyZWxhdGlvbkJpbmRpbmc9IiIgVXJsRW5jb2RlPSJGYWxzZSIgVXNlVG9Hcm91cFJlc3VsdHM9IkZhbHNlIiAvPg0KICAgICAgICA8UXVlcnlTdHJpbmdQYXJhbWV0ZXIgTmFtZT0ic2RrIiBWYWx1ZT0iam9leSIgUmVjb3JkZWRWYWx1ZT0iam9leSIgQ29ycmVsYXRpb25CaW5kaW5nPSIiIFVybEVuY29kZT0iRmFsc2UiIFVzZVRvR3JvdXBSZXN1bHRzPSJGYWxzZSIgLz4NCiAgICAgIDwvUXVlcnlTdHJpbmdQYXJhbWV0ZXJzPg0KICAgIDwvUmVxdWVzdD4NCiAgICA8UmVxdWVzdCBNZXRob2Q9IkdFVCIgR3VpZD0iMzZlYThhOTctNTIyMS00Nzk4LTkzMmMtN2EyNTM1NTA4MDVlIiBWZXJzaW9uPSIxLjEiIFVybD0iaHR0cDovL3d3dy5mYWNlYm9vay5jb20vcGx1Z2lucy9saWtlX2JveC5waHAiIFRoaW5rVGltZT0iMCIgVGltZW91dD0iMzAwIiBQYXJzZURlcGVuZGVudFJlcXVlc3RzPSJUcnVlIiBGb2xsb3dSZWRpcmVjdHM9IlRydWUiIFJlY29yZFJlc3VsdD0iVHJ1ZSIgQ2FjaGU9IkZhbHNlIiBSZXNwb25zZVRpbWVHb2FsPSIwIiBFbmNvZGluZz0idXRmLTgiIEV4cGVjdGVkSHR0cFN0YXR1c0NvZGU9IjAiIEV4cGVjdGVkUmVzcG9uc2VVcmw9Imh0dHBzOi8vd3d3LmZhY2Vib29rLmNvbS9wbHVnaW5zL2xpa2VfYm94LnBocD9hcHBfaWQ9MjQyNjI0Njk5MTc0MzMzJmFtcDtjaGFubmVsPWh0dHAlM0ElMkYlMkZzdGF0aWMuYWsuZmFjZWJvb2suY29tJTJGY29ubmVjdCUyRnhkX2FyYml0ZXIlMkZRaksyaFd2NnVhay5qcyUzRnZlcnNpb24lM0Q0MSUyM2NiJTNEZjNlNDBjZWIxMWFkN2IlMjZkb21haW4lM0R0ZXN0LnRlbGVyaWthY2FkZW15LmNvbSUyNm9yaWdpbiUzRGh0dHAlMjUzQSUyNTJGJTI1MkZ0ZXN0LnRlbGVyaWthY2FkZW15LmNvbSUyNTJGZmQyZmNmZmY3MzUyMDIlMjZyZWxhdGlvbiUzRHBhcmVudC5wYXJlbnQmYW1wO2hlYWRlcj10cnVlJmFtcDtoZWlnaHQ9NDY4JmFtcDtocmVmPWh0dHAlM0ElMkYlMkZ3d3cuZmFjZWJvb2suY29tJTJGVGVsZXJpa0FjYWRlbXkmYW1wO2xvY2FsZT1lbl9VUyZhbXA7c2RrPWpvZXkmYW1wO3Nob3dfZmFjZXM9ZmFsc2UmYW1wO3N0cmVhbT10cnVlJmFtcDt3aWR0aD02MjAiIFJlcG9ydGluZ05hbWU9IiIgSWdub3JlSHR0cFN0YXR1c0NvZGU9IkZhbHNlIj4NCiAgICAgIDxEZXBlbmRlbnRSZXF1ZXN0cz4NCiAgICAgICAgPFJlcXVlc3QgTWV0aG9kPSJHRVQiIEd1aWQ9ImViZjljYzRlLWE2NjctNGMzMy1hNmJlLWMwMTQ5N2IxNjJlMSIgVmVyc2lvbj0iMS4xIiBVcmw9Imh0dHBzOi8vd3d3LmZhY2Vib29rLmNvbS9wbHVnaW5zL2xpa2Vib3gvc3RyZWFtIiBUaGlua1RpbWU9IjAiIFRpbWVvdXQ9IjMwMCIgUGFyc2VEZXBlbmRlbnRSZXF1ZXN0cz0iVHJ1ZSIgRm9sbG93UmVkaXJlY3RzPSJUcnVlIiBSZWNvcmRSZXN1bHQ9IlRydWUiIENhY2hlPSJGYWxzZSIgUmVzcG9uc2VUaW1lR29hbD0iMCIgRW5jb2Rpbmc9InV0Zi04IiBFeHBlY3RlZEh0dHBTdGF0dXNDb2RlPSIwIiBFeHBlY3RlZFJlc3BvbnNlVXJsPSIiIFJlcG9ydGluZ05hbWU9IiIgSWdub3JlSHR0cFN0YXR1c0NvZGU9IkZhbHNlIj4NCiAgICAgICAgICA8SGVhZGVycz4NCiAgICAgICAgICAgIDxIZWFkZXIgTmFtZT0iUmVmZXJlciIgVmFsdWU9Imh0dHBzOi8vd3d3LmZhY2Vib29rLmNvbS9wbHVnaW5zL2xpa2VfYm94LnBocD9hcHBfaWQ9MjQyNjI0Njk5MTc0MzMzJmFtcDtjaGFubmVsPWh0dHAlM0ElMkYlMkZzdGF0aWMuYWsuZmFjZWJvb2suY29tJTJGY29ubmVjdCUyRnhkX2FyYml0ZXIlMkZRaksyaFd2NnVhay5qcyUzRnZlcnNpb24lM0Q0MSUyM2NiJTNEZjNlNDBjZWIxMWFkN2IlMjZkb21haW4lM0R0ZXN0LnRlbGVyaWthY2FkZW15LmNvbSUyNm9yaWdpbiUzRGh0dHAlMjUzQSUyNTJGJTI1MkZ0ZXN0LnRlbGVyaWthY2FkZW15LmNvbSUyNTJGZmQyZmNmZmY3MzUyMDIlMjZyZWxhdGlvbiUzRHBhcmVudC5wYXJlbnQmYW1wO2hlYWRlcj10cnVlJmFtcDtoZWlnaHQ9NDY4JmFtcDtocmVmPWh0dHAlM0ElMkYlMkZ3d3cuZmFjZWJvb2suY29tJTJGVGVsZXJpa0FjYWRlbXkmYW1wO2xvY2FsZT1lbl9VUyZhbXA7c2RrPWpvZXkmYW1wO3Nob3dfZmFjZXM9ZmFsc2UmYW1wO3N0cmVhbT10cnVlJmFtcDt3aWR0aD02MjAiIC8+DQogICAgICAgICAgPC9IZWFkZXJzPg0KICAgICAgICAgIDxRdWVyeVN0cmluZ1BhcmFtZXRlcnM+DQogICAgICAgICAgICA8UXVlcnlTdHJpbmdQYXJhbWV0ZXIgTmFtZT0iaWQiIFZhbHVlPSIyNDc4Mzg3NzE5MDkwODEiIFJlY29yZGVkVmFsdWU9IjI0NzgzODc3MTkwOTA4MSIgQ29ycmVsYXRpb25CaW5kaW5nPSIiIFVybEVuY29kZT0iRmFsc2UiIFVzZVRvR3JvdXBSZXN1bHRzPSJGYWxzZSIgLz4NCiAgICAgICAgICAgIDxRdWVyeVN0cmluZ1BhcmFtZXRlciBOYW1lPSJkb20iIFZhbHVlPSJwbHVnaW5MaWtlYm94U3RyZWFtIiBSZWNvcmRlZFZhbHVlPSJwbHVnaW5MaWtlYm94U3RyZWFtIiBDb3JyZWxhdGlvbkJpbmRpbmc9IiIgVXJsRW5jb2RlPSJGYWxzZSIgVXNlVG9Hcm91cFJlc3VsdHM9IkZhbHNlIiAvPg0KICAgICAgICAgICAgPFF1ZXJ5U3RyaW5nUGFyYW1ldGVyIE5hbWU9ImZvcmNlX3dhbGwiIFZhbHVlPSJmYWxzZSIgUmVjb3JkZWRWYWx1ZT0iZmFsc2UiIENvcnJlbGF0aW9uQmluZGluZz0iIiBVcmxFbmNvZGU9IkZhbHNlIiBVc2VUb0dyb3VwUmVzdWx0cz0iRmFsc2UiIC8+DQogICAgICAgICAgICA8UXVlcnlTdHJpbmdQYXJhbWV0ZXIgTmFtZT0ibm9ib290bG9hZCIgVmFsdWU9IjEiIFJlY29yZGVkVmFsdWU9IjEiIENvcnJlbGF0aW9uQmluZGluZz0iIiBVcmxFbmNvZGU9IkZhbHNlIiBVc2VUb0dyb3VwUmVzdWx0cz0iRmFsc2UiIC8+DQogICAgICAgICAgICA8UXVlcnlTdHJpbmdQYXJhbWV0ZXIgTmFtZT0iaW5saW5lY3NzIiBWYWx1ZT0iMSIgUmVjb3JkZWRWYWx1ZT0iMSIgQ29ycmVsYXRpb25CaW5kaW5nPSIiIFVybEVuY29kZT0iRmFsc2UiIFVzZVRvR3JvdXBSZXN1bHRzPSJGYWxzZSIgLz4NCiAgICAgICAgICAgIDxRdWVyeVN0cmluZ1BhcmFtZXRlciBOYW1lPSJ3aWR0aCIgVmFsdWU9IjYyMCIgUmVjb3JkZWRWYWx1ZT0iNjIwIiBDb3JyZWxhdGlvbkJpbmRpbmc9IiIgVXJsRW5jb2RlPSJGYWxzZSIgVXNlVG9Hcm91cFJlc3VsdHM9IkZhbHNlIiAvPg0KICAgICAgICAgICAgPFF1ZXJ5U3RyaW5nUGFyYW1ldGVyIE5hbWU9Il9fdXNlciIgVmFsdWU9IjAiIFJlY29yZGVkVmFsdWU9IjAiIENvcnJlbGF0aW9uQmluZGluZz0iIiBVcmxFbmNvZGU9IkZhbHNlIiBVc2VUb0dyb3VwUmVzdWx0cz0iRmFsc2UiIC8+DQogICAgICAgICAgICA8UXVlcnlTdHJpbmdQYXJhbWV0ZXIgTmFtZT0iX19hIiBWYWx1ZT0iMSIgUmVjb3JkZWRWYWx1ZT0iMSIgQ29ycmVsYXRpb25CaW5kaW5nPSIiIFVybEVuY29kZT0iRmFsc2UiIFVzZVRvR3JvdXBSZXN1bHRzPSJGYWxzZSIgLz4NCiAgICAgICAgICAgIDxRdWVyeVN0cmluZ1BhcmFtZXRlciBOYW1lPSJfX2R5biIgVmFsdWU9Ijd3Zkdid0tCV28ydndBdyIgUmVjb3JkZWRWYWx1ZT0iN3dmR2J3S0JXbzJ2d0F3IiBDb3JyZWxhdGlvbkJpbmRpbmc9IiIgVXJsRW5jb2RlPSJGYWxzZSIgVXNlVG9Hcm91cFJlc3VsdHM9IkZhbHNlIiAvPg0KICAgICAgICAgICAgPFF1ZXJ5U3RyaW5nUGFyYW1ldGVyIE5hbWU9Il9fcmVxIiBWYWx1ZT0iMSIgUmVjb3JkZWRWYWx1ZT0iMSIgQ29ycmVsYXRpb25CaW5kaW5nPSIiIFVybEVuY29kZT0iRmFsc2UiIFVzZVRvR3JvdXBSZXN1bHRzPSJGYWxzZSIgLz4NCiAgICAgICAgICAgIDxRdWVyeVN0cmluZ1BhcmFtZXRlciBOYW1lPSJsb2NhbGUiIFZhbHVlPSJlbl9VUyIgUmVjb3JkZWRWYWx1ZT0iZW5fVVMiIENvcnJlbGF0aW9uQmluZGluZz0iIiBVcmxFbmNvZGU9IkZhbHNlIiBVc2VUb0dyb3VwUmVzdWx0cz0iRmFsc2UiIC8+DQogICAgICAgICAgICA8UXVlcnlTdHJpbmdQYXJhbWV0ZXIgTmFtZT0iX19yZXYiIFZhbHVlPSIxNDkxMjY3IiBSZWNvcmRlZFZhbHVlPSIxNDkxMjY3IiBDb3JyZWxhdGlvbkJpbmRpbmc9IiIgVXJsRW5jb2RlPSJGYWxzZSIgVXNlVG9Hcm91cFJlc3VsdHM9IkZhbHNlIiAvPg0KICAgICAgICAgIDwvUXVlcnlTdHJpbmdQYXJhbWV0ZXJzPg0KICAgICAgICA8L1JlcXVlc3Q+DQogICAgICA8L0RlcGVuZGVudFJlcXVlc3RzPg0KICAgICAgPEhlYWRlcnM+DQogICAgICAgIDxIZWFkZXIgTmFtZT0iUmVmZXJlciIgVmFsdWU9Imh0dHA6Ly90ZXN0LnRlbGVyaWthY2FkZW15LmNvbS8iIC8+DQogICAgICA8L0hlYWRlcnM+DQogICAgICA8UXVlcnlTdHJpbmdQYXJhbWV0ZXJzPg0KICAgICAgICA8UXVlcnlTdHJpbmdQYXJhbWV0ZXIgTmFtZT0iYXBwX2lkIiBWYWx1ZT0iMjQyNjI0Njk5MTc0MzMzIiBSZWNvcmRlZFZhbHVlPSIyNDI2MjQ2OTkxNzQzMzMiIENvcnJlbGF0aW9uQmluZGluZz0iIiBVcmxFbmNvZGU9IkZhbHNlIiBVc2VUb0dyb3VwUmVzdWx0cz0iRmFsc2UiIC8+DQogICAgICAgIDxRdWVyeVN0cmluZ1BhcmFtZXRlciBOYW1lPSJjaGFubmVsIiBWYWx1ZT0iaHR0cCUzQSUyRiUyRnN0YXRpYy5hay5mYWNlYm9vay5jb20lMkZjb25uZWN0JTJGeGRfYXJiaXRlciUyRlFqSzJoV3Y2dWFrLmpzJTNGdmVyc2lvbiUzRDQxJTIzY2IlM0RmM2U0MGNlYjExYWQ3YiUyNmRvbWFpbiUzRHRlc3QudGVsZXJpa2FjYWRlbXkuY29tJTI2b3JpZ2luJTNEaHR0cCUyNTNBJTI1MkYlMjUyRnRlc3QudGVsZXJpa2FjYWRlbXkuY29tJTI1MkZmZDJmY2ZmZjczNTIwMiUyNnJlbGF0aW9uJTNEcGFyZW50LnBhcmVudCIgUmVjb3JkZWRWYWx1ZT0iaHR0cCUzQSUyRiUyRnN0YXRpYy5hay5mYWNlYm9vay5jb20lMkZjb25uZWN0JTJGeGRfYXJiaXRlciUyRlFqSzJoV3Y2dWFrLmpzJTNGdmVyc2lvbiUzRDQxJTIzY2IlM0RmM2U0MGNlYjExYWQ3YiUyNmRvbWFpbiUzRHRlc3QudGVsZXJpa2FjYWRlbXkuY29tJTI2b3JpZ2luJTNEaHR0cCUyNTNBJTI1MkYlMjUyRnRlc3QudGVsZXJpa2FjYWRlbXkuY29tJTI1MkZmZDJmY2ZmZjczNTIwMiUyNnJlbGF0aW9uJTNEcGFyZW50LnBhcmVudCIgQ29ycmVsYXRpb25CaW5kaW5nPSIiIFVybEVuY29kZT0iRmFsc2UiIFVzZVRvR3JvdXBSZXN1bHRzPSJGYWxzZSIgLz4NCiAgICAgICAgPFF1ZXJ5U3RyaW5nUGFyYW1ldGVyIE5hbWU9ImhlYWRlciIgVmFsdWU9InRydWUiIFJlY29yZGVkVmFsdWU9InRydWUiIENvcnJlbGF0aW9uQmluZGluZz0iIiBVcmxFbmNvZGU9IkZhbHNlIiBVc2VUb0dyb3VwUmVzdWx0cz0iRmFsc2UiIC8+DQogICAgICAgIDxRdWVyeVN0cmluZ1BhcmFtZXRlciBOYW1lPSJoZWlnaHQiIFZhbHVlPSI0NjgiIFJlY29yZGVkVmFsdWU9IjQ2OCIgQ29ycmVsYXRpb25CaW5kaW5nPSIiIFVybEVuY29kZT0iRmFsc2UiIFVzZVRvR3JvdXBSZXN1bHRzPSJGYWxzZSIgLz4NCiAgICAgICAgPFF1ZXJ5U3RyaW5nUGFyYW1ldGVyIE5hbWU9ImhyZWYiIFZhbHVlPSJodHRwJTNBJTJGJTJGd3d3LmZhY2Vib29rLmNvbSUyRlRlbGVyaWtBY2FkZW15IiBSZWNvcmRlZFZhbHVlPSJodHRwJTNBJTJGJTJGd3d3LmZhY2Vib29rLmNvbSUyRlRlbGVyaWtBY2FkZW15IiBDb3JyZWxhdGlvbkJpbmRpbmc9IiIgVXJsRW5jb2RlPSJGYWxzZSIgVXNlVG9Hcm91cFJlc3VsdHM9IkZhbHNlIiAvPg0KICAgICAgICA8UXVlcnlTdHJpbmdQYXJhbWV0ZXIgTmFtZT0ibG9jYWxlIiBWYWx1ZT0iZW5fVVMiIFJlY29yZGVkVmFsdWU9ImVuX1VTIiBDb3JyZWxhdGlvbkJpbmRpbmc9IiIgVXJsRW5jb2RlPSJGYWxzZSIgVXNlVG9Hcm91cFJlc3VsdHM9IkZhbHNlIiAvPg0KICAgICAgICA8UXVlcnlTdHJpbmdQYXJhbWV0ZXIgTmFtZT0ic2RrIiBWYWx1ZT0iam9leSIgUmVjb3JkZWRWYWx1ZT0iam9leSIgQ29ycmVsYXRpb25CaW5kaW5nPSIiIFVybEVuY29kZT0iRmFsc2UiIFVzZVRvR3JvdXBSZXN1bHRzPSJGYWxzZSIgLz4NCiAgICAgICAgPFF1ZXJ5U3RyaW5nUGFyYW1ldGVyIE5hbWU9InNob3dfZmFjZXMiIFZhbHVlPSJmYWxzZSIgUmVjb3JkZWRWYWx1ZT0iZmFsc2UiIENvcnJlbGF0aW9uQmluZGluZz0iIiBVcmxFbmNvZGU9IkZhbHNlIiBVc2VUb0dyb3VwUmVzdWx0cz0iRmFsc2UiIC8+DQogICAgICAgIDxRdWVyeVN0cmluZ1BhcmFtZXRlciBOYW1lPSJzdHJlYW0iIFZhbHVlPSJ0cnVlIiBSZWNvcmRlZFZhbHVlPSJ0cnVlIiBDb3JyZWxhdGlvbkJpbmRpbmc9IiIgVXJsRW5jb2RlPSJGYWxzZSIgVXNlVG9Hcm91cFJlc3VsdHM9IkZhbHNlIiAvPg0KICAgICAgICA8UXVlcnlTdHJpbmdQYXJhbWV0ZXIgTmFtZT0id2lkdGgiIFZhbHVlPSI2MjAiIFJlY29yZGVkVmFsdWU9IjYyMCIgQ29ycmVsYXRpb25CaW5kaW5nPSIiIFVybEVuY29kZT0iRmFsc2UiIFVzZVRvR3JvdXBSZXN1bHRzPSJGYWxzZSIgLz4NCiAgICAgIDwvUXVlcnlTdHJpbmdQYXJhbWV0ZXJzPg0KICAgIDwvUmVxdWVzdD4NCiAgPC9JdGVtcz4NCiAgPFZhbGlkYXRpb25SdWxlcz4NCiAgICA8VmFsaWRhdGlvblJ1bGUgQ2xhc3NuYW1lPSJNaWNyb3NvZnQuVmlzdWFsU3R1ZGlvLlRlc3RUb29scy5XZWJUZXN0aW5nLlJ1bGVzLlZhbGlkYXRlUmVzcG9uc2VVcmwsIE1pY3Jvc29mdC5WaXN1YWxTdHVkaW8uUXVhbGl0eVRvb2xzLldlYlRlc3RGcmFtZXdvcmssIFZlcnNpb249MTAuMC4wLjAsIEN1bHR1cmU9bmV1dHJhbCwgUHVibGljS2V5VG9rZW49YjAzZjVmN2YxMWQ1MGEzYSIgRGlzcGxheU5hbWU9IlJlc3BvbnNlIFVSTCIgRGVzY3JpcHRpb249IlZhbGlkYXRlcyB0aGF0IHRoZSByZXNwb25zZSBVUkwgYWZ0ZXIgcmVkaXJlY3RzIGFyZSBmb2xsb3dlZCBpcyB0aGUgc2FtZSBhcyB0aGUgcmVjb3JkZWQgcmVzcG9uc2UgVVJMLiAgUXVlcnlTdHJpbmcgcGFyYW1ldGVycyBhcmUgaWdub3JlZC4iIExldmVsPSJMb3ciIEV4ZWN0dWlvbk9yZGVyPSJCZWZvcmVEZXBlbmRlbnRzIiAvPg0KICAgIDxWYWxpZGF0aW9uUnVsZSBDbGFzc25hbWU9Ik1pY3Jvc29mdC5WaXN1YWxTdHVkaW8uVGVzdFRvb2xzLldlYlRlc3RpbmcuUnVsZXMuVmFsaWRhdGlvblJ1bGVSZXNwb25zZVRpbWVHb2FsLCBNaWNyb3NvZnQuVmlzdWFsU3R1ZGlvLlF1YWxpdHlUb29scy5XZWJUZXN0RnJhbWV3b3JrLCBWZXJzaW9uPTEwLjAuMC4wLCBDdWx0dXJlPW5ldXRyYWwsIFB1YmxpY0tleVRva2VuPWIwM2Y1ZjdmMTFkNTBhM2EiIERpc3BsYXlOYW1lPSJSZXNwb25zZSBUaW1lIEdvYWwiIERlc2NyaXB0aW9uPSJWYWxpZGF0ZXMgdGhhdCB0aGUgcmVzcG9uc2UgdGltZSBmb3IgdGhlIHJlcXVlc3QgaXMgbGVzcyB0aGFuIG9yIGVxdWFsIHRvIHRoZSByZXNwb25zZSB0aW1lIGdvYWwgYXMgc3BlY2lmaWVkIG9uIHRoZSByZXF1ZXN0LiAgUmVzcG9uc2UgdGltZSBnb2FscyBvZiB6ZXJvIHdpbGwgYmUgaWdub3JlZC4iIExldmVsPSJMb3ciIEV4ZWN0dWlvbk9yZGVyPSJBZnRlckRlcGVuZGVudHMiPg0KICAgICAgPFJ1bGVQYXJhbWV0ZXJzPg0KICAgICAgICA8UnVsZVBhcmFtZXRlciBOYW1lPSJUb2xlcmFuY2UiIFZhbHVlPSIwIiAvPg0KICAgICAgPC9SdWxlUGFyYW1ldGVycz4NCiAgICA8L1ZhbGlkYXRpb25SdWxlPg0KICA8L1ZhbGlkYXRpb25SdWxlcz4NCjwvV2ViVGVzdD4=">
      <Execution id="1fa1d9cc-7ac6-403d-96b6-2934b4e3f513" />
    </WebTest>
  </TestDefinitions>
  <TestLists>
    <TestList name="Results Not in a List" id="8c84fa94-04c1-424b-9868-57a2d4851a1d" />
    <TestList name="All Loaded Results" id="19431567-8539-422a-85d7-44ee4e166bda" />
  </TestLists>
  <TestEntries>
    <TestEntry isTransparent="false" testId="e12ce241-b795-46be-b88e-117e06336978" executionId="1fa1d9cc-7ac6-403d-96b6-2934b4e3f513" testListId="8c84fa94-04c1-424b-9868-57a2d4851a1d" />
  </TestEntries>
  <Results>
    <WebTestResult executionId="1fa1d9cc-7ac6-403d-96b6-2934b4e3f513" testId="e12ce241-b795-46be-b88e-117e06336978" testName="WebTest1" computerName="DANIPC" duration="00:00:14.0450803" startTime="2014-11-12T11:26:15.8269882+02:00" endTime="2014-11-12T11:26:40.5605162+02:00" testType="4e7599fa-5ecb-43e9-a887-cd63cf72d207" outcome="Failed" testListId="8c84fa94-04c1-424b-9868-57a2d4851a1d" relativeResultsDirectory="1fa1d9cc-7ac6-403d-96b6-2934b4e3f513">
      <Output>
        <ErrorInfo>
          <Message>1 primary requests, 0 dependant requests and 0 conditional rules failed</Message>
        </ErrorInfo>
      </Output>
      <ResultFiles>
        <ResultFile path="WebTest1.webtestResult" />
      </ResultFiles>
      <TestSettings name="env" id="3dfa04b9-594f-4367-84d2-a225df800186">
        <Description>These are default test settings for a local test run.</Description>
        <Deployment runDeploymentRoot="Dani_DANIPC 2014-11-12 11_26_15">
          <DeploymentItem filename="PerformanceTesting\CandidateData\" />
        </Deployment>
        <Execution hostProcessPlatform="MSIL">
          <TestTypeSpecific>
            <UnitTestRunConfig testTypeId="13cdc9d9-ddb5-4fa4-a97d-d965ccfc6d4b">
              <AssemblyResolution>
                <TestDirectory useLoadContext="true" />
              </AssemblyResolution>
            </UnitTestRunConfig>
            <WebTestRunConfiguration testTypeId="4e7599fa-5ecb-43e9-a887-cd63cf72d207" simulateThinkTimes="true" runUntilDataExhausted="true">
              <Browser name="Internet Explorer 9.0" MaxConnections="6">
                <Headers>
                  <Header name="User-Agent" value="Mozilla/5.0 (compatible; MSIE 9.0; Windows NT 6.1; Trident/5.0)" />
                  <Header name="Accept" value="*/*" />
                  <Header name="Accept-Language" value="{{$IEAcceptLanguage}}" />
                  <Header name="Accept-Encoding" value="GZIP" />
                </Headers>
              </Browser>
            </WebTestRunConfiguration>
            <WebAiiTestRunConfig testTypeId="c4241296-3c6e-46b1-bf92-e0bd3e0eb017" Settings="&lt;?xml version=&quot;1.0&quot; encoding=&quot;utf-16&quot;?&gt;&#xD;&#xA;&lt;Settings xmlns:xsi=&quot;http://www.w3.org/2001/XMLSchema-instance&quot; xmlns:xsd=&quot;http://www.w3.org/2001/XMLSchema&quot;&gt;&#xD;&#xA;  &lt;Web&gt;&#xD;&#xA;    &lt;WebKitExecutionDelay&gt;0&lt;/WebKitExecutionDelay&gt;&#xD;&#xA;    &lt;ExecutingBrowsers /&gt;&#xD;&#xA;    &lt;UseMultiBrowserExecution&gt;false&lt;/UseMultiBrowserExecution&gt;&#xD;&#xA;    &lt;RecycleBrowser&gt;false&lt;/RecycleBrowser&gt;&#xD;&#xA;    &lt;AspNetDevServerPort&gt;-1&lt;/AspNetDevServerPort&gt;&#xD;&#xA;    &lt;LocalWebServer&gt;None&lt;/LocalWebServer&gt;&#xD;&#xA;    &lt;EnableUILessRequestViewing&gt;false&lt;/EnableUILessRequestViewing&gt;&#xD;&#xA;    &lt;WebAppPhysicalPath /&gt;&#xD;&#xA;    &lt;DefaultBrowser&gt;InternetExplorer&lt;/DefaultBrowser&gt;&#xD;&#xA;    &lt;Browser&gt;InternetExplorer&lt;/Browser&gt;&#xD;&#xA;    &lt;EnableScriptLogging&gt;false&lt;/EnableScriptLogging&gt;&#xD;&#xA;    &lt;BaseUrl /&gt;&#xD;&#xA;    &lt;KillBrowserProcessOnClose&gt;false&lt;/KillBrowserProcessOnClose&gt;&#xD;&#xA;    &lt;UseHttpProxy&gt;false&lt;/UseHttpProxy&gt;&#xD;&#xA;    &lt;EnableSilverlight&gt;false&lt;/EnableSilverlight&gt;&#xD;&#xA;    &lt;VerboseHttpProxy&gt;false&lt;/VerboseHttpProxy&gt;&#xD;&#xA;    &lt;SilverlightConnectTimeout&gt;60000&lt;/SilverlightConnectTimeout&gt;&#xD;&#xA;  &lt;/Web&gt;&#xD;&#xA;  &lt;Wpf&gt;&#xD;&#xA;    &lt;DefaultApplicationPath /&gt;&#xD;&#xA;  &lt;/Wpf&gt;&#xD;&#xA;  &lt;CreateLogFile&gt;true&lt;/CreateLogFile&gt;&#xD;&#xA;  &lt;LogLocation&gt;C:\WebAiiLog\&lt;/LogLocation&gt;&#xD;&#xA;  &lt;QueryEventLogErrorsOnExit&gt;false&lt;/QueryEventLogErrorsOnExit&gt;&#xD;&#xA;  &lt;LogAnnotations&gt;false&lt;/LogAnnotations&gt;&#xD;&#xA;  &lt;SimulatedMouseMoveSpeed&gt;0.3&lt;/SimulatedMouseMoveSpeed&gt;&#xD;&#xA;  &lt;WaitCheckInterval&gt;500&lt;/WaitCheckInterval&gt;&#xD;&#xA;  &lt;ElementWaitTimeout&gt;30000&lt;/ElementWaitTimeout&gt;&#xD;&#xA;  &lt;ExecuteCommandTimeout&gt;20000&lt;/ExecuteCommandTimeout&gt;&#xD;&#xA;  &lt;ExecutionDelay&gt;0&lt;/ExecutionDelay&gt;&#xD;&#xA;  &lt;UnexpectedDialogAction&gt;HandleAndFailTest&lt;/UnexpectedDialogAction&gt;&#xD;&#xA;  &lt;AnnotateExecution&gt;false&lt;/AnnotateExecution&gt;&#xD;&#xA;  &lt;AnnotationMode&gt;All&lt;/AnnotationMode&gt;&#xD;&#xA;  &lt;XMultiMgr&gt;true&lt;/XMultiMgr&gt;&#xD;&#xA;  &lt;ClientReadyTimeout&gt;60000&lt;/ClientReadyTimeout&gt;&#xD;&#xA;&lt;/Settings&gt;" xmlns="http://artoftest.com/schemas/WebAiiDesignCanvas/1.0.0" />
          </TestTypeSpecific>
          <AgentRule name="LocalMachineDefaultRole">
          </AgentRule>
        </Execution>
        <Properties />
      </TestSettings>
      <WebTestResultFilePath>Dani_DANIPC 2014-11-12 11_26_15\In\1fa1d9cc-7ac6-403d-96b6-2934b4e3f513\WebTest1.webtestResult</WebTestResultFilePath>
    </WebTestResult>
  </Results>
</TestRun>